[debug] [2020-12-16T17:44:42.823Z] ----------------------------------------------------------------------
[debug] [2020-12-16T17:44:42.829Z] Command:       /Users/danielgomez/.nvm/versions/node/v15.3.0/bin/node /Users/danielgomez/.nvm/versions/node/v15.3.0/bin/firebase emulators:start
[debug] [2020-12-16T17:44:42.829Z] CLI Version:   8.19.0
[debug] [2020-12-16T17:44:42.829Z] Platform:      darwin
[debug] [2020-12-16T17:44:42.830Z] Node Version:  v15.3.0
[debug] [2020-12-16T17:44:42.838Z] Time:          Wed Dec 16 2020 12:44:42 GMT-0500 (Eastern Standard Time)
[debug] [2020-12-16T17:44:42.838Z] ----------------------------------------------------------------------
[debug] [2020-12-16T17:44:42.839Z] 
[debug] [2020-12-16T17:44:42.844Z] >>> [apiv2][query] GET https://firebase-public.firebaseio.com/cli.json [none]
[debug] [2020-12-16T17:44:42.905Z] > command requires scopes: ["email","openid","https://www.googleapis.com/auth/cloudplatformprojects.readonly","https://www.googleapis.com/auth/firebase","https://www.googleapis.com/auth/cloud-platform"]
[debug] [2020-12-16T17:44:42.906Z] > authorizing via signed-in user
[info] i  emulators: Starting emulators: functions, hosting {"metadata":{"emulator":{"name":"hub"},"message":"Starting emulators: functions, hosting"}}
[debug] [2020-12-16T17:44:43.051Z] [hub] writing locator at /var/folders/70/34354_c94td6p0bh5n6jy1c40000gn/T/hub-clone-d3a88.json
[warn] ⚠  functions: The following emulators are not running, calls to these services from the Functions emulator will affect production: auth, firestore, database, pubsub {"metadata":{"emulator":{"name":"functions"},"message":"The following emulators are not running, calls to these services from the Functions emulator will affect production: \u001b[1mauth, firestore, database, pubsub\u001b[22m"}}
[warn] ⚠  Your requested "node" version "12" doesn't match your global version "15" {"metadata":{"emulator":{"name":"functions"},"message":"Your requested \"node\" version \"12\" doesn't match your global version \"15\""}}
[debug] [2020-12-16T17:44:43.090Z] defaultcredentials: writing to file /Users/danielgomez/.config/firebase/gomezdespen_gmail_com_application_default_credentials.json
[debug] [2020-12-16T17:44:43.103Z] Setting GAC to /Users/danielgomez/.config/firebase/gomezdespen_gmail_com_application_default_credentials.json {"metadata":{"emulator":{"name":"functions"},"message":"Setting GAC to /Users/danielgomez/.config/firebase/gomezdespen_gmail_com_application_default_credentials.json"}}
[debug] [2020-12-16T17:44:43.129Z] > refreshing access token with scopes: ["email","https://www.googleapis.com/auth/cloud-platform","https://www.googleapis.com/auth/cloudplatformprojects.readonly","https://www.googleapis.com/auth/firebase","openid"]
[debug] [2020-12-16T17:44:43.130Z] >>> HTTP REQUEST POST https://www.googleapis.com/oauth2/v3/token  
 <request body omitted>
[debug] [2020-12-16T17:44:43.211Z] <<< [apiv2][status] GET https://firebase-public.firebaseio.com/cli.json 200
[debug] [2020-12-16T17:44:43.211Z] <<< [apiv2][body] GET https://firebase-public.firebaseio.com/cli.json {"cloudBuildErrorAfter":1594252800000,"cloudBuildWarnAfter":1590019200000,"defaultNode10After":1594252800000,"minVersion":"3.0.5","node8DeploysDisabledAfter":1613390400000,"node8RuntimeDisabledAfter":1615809600000,"node8WarnAfter":1600128000000}
[debug] [2020-12-16T17:44:43.256Z] <<< HTTP RESPONSE 200 {"cache-control":"no-cache, no-store, max-age=0, must-revalidate","pragma":"no-cache","expires":"Mon, 01 Jan 1990 00:00:00 GMT","date":"Wed, 16 Dec 2020 17:44:43 GMT","content-type":"application/json; charset=utf-8","vary":"X-Origin, Referer, Origin,Accept-Encoding","server":"scaffolding on HTTPServer2","x-xss-protection":"0","x-frame-options":"SAMEORIGIN","x-content-type-options":"nosniff","alt-svc":"h3-29=\":443\"; ma=2592000,h3-T051=\":443\"; ma=2592000,h3-Q050=\":443\"; ma=2592000,h3-Q046=\":443\"; ma=2592000,h3-Q043=\":443\"; ma=2592000,quic=\":443\"; ma=2592000; v=\"46,43\"","accept-ranges":"none","transfer-encoding":"chunked"}
[debug] [2020-12-16T17:44:43.265Z] >>> HTTP REQUEST GET https://firebase.googleapis.com/v1beta1/projects/clone-d3a88/webApps/-/config  
 
[debug] [2020-12-16T17:44:43.722Z] <<< HTTP RESPONSE 200 {"content-type":"application/json; charset=UTF-8","vary":"X-Origin, Referer, Origin,Accept-Encoding","date":"Wed, 16 Dec 2020 17:44:43 GMT","server":"ESF","cache-control":"private","x-xss-protection":"0","x-frame-options":"SAMEORIGIN","x-content-type-options":"nosniff","alt-svc":"h3-29=\":443\"; ma=2592000,h3-T051=\":443\"; ma=2592000,h3-Q050=\":443\"; ma=2592000,h3-Q046=\":443\"; ma=2592000,h3-Q043=\":443\"; ma=2592000,quic=\":443\"; ma=2592000; v=\"46,43\"","accept-ranges":"none","transfer-encoding":"chunked"}
[info] i  hosting: Serving hosting files from: build {"metadata":{"emulator":{"name":"hosting"},"message":"Serving hosting files from: \u001b[1mbuild\u001b[22m"}}
[info] ✔  hosting: Local server: http://localhost:5000 {"metadata":{"emulator":{"name":"hosting"},"message":"Local server: \u001b[4m\u001b[1mhttp://localhost:5000\u001b[22m\u001b[24m"}}
[debug] [2020-12-16T17:44:44.282Z] Ignoring unsupported arg: auto_download {"metadata":{"emulator":{"name":"ui"},"message":"Ignoring unsupported arg: auto_download"}}
[debug] [2020-12-16T17:44:44.283Z] Ignoring unsupported arg: port {"metadata":{"emulator":{"name":"ui"},"message":"Ignoring unsupported arg: port"}}
[debug] [2020-12-16T17:44:44.283Z] Starting Emulator UI with command {"binary":"node","args":["/Users/danielgomez/.cache/firebase/emulators/ui-v1.3.0/server.bundle.js"],"optionalArgs":[],"joinArgs":false} {"metadata":{"emulator":{"name":"ui"},"message":"Starting Emulator UI with command {\"binary\":\"node\",\"args\":[\"/Users/danielgomez/.cache/firebase/emulators/ui-v1.3.0/server.bundle.js\"],\"optionalArgs\":[],\"joinArgs\":false}"}}
[info] i  ui: Emulator UI logging to ui-debug.log {"metadata":{"emulator":{"name":"ui"},"message":"Emulator UI logging to \u001b[1mui-debug.log\u001b[22m"}}
[debug] [2020-12-16T17:44:44.575Z] Web / API server started at http://localhost:4000
 {"metadata":{"emulator":{"name":"ui"},"message":"Web / API server started at http://localhost:4000\n"}}
[info] i  functions: Watching "/Users/danielgomez/dev/Projects/react/amazon-clone/functions" for Cloud Functions... {"metadata":{"emulator":{"name":"functions"},"message":"Watching \"/Users/danielgomez/dev/Projects/react/amazon-clone/functions\" for Cloud Functions..."}}
[debug] [2020-12-16T17:44:44.850Z] [worker-pool] addWorker(~diagnostic~) {"metadata":{"emulator":{"name":"functions"},"message":"[worker-pool] addWorker(~diagnostic~)"}}
[debug] [2020-12-16T17:44:44.851Z] [worker-pool] Adding worker with key ~diagnostic~, total=1 {"metadata":{"emulator":{"name":"functions"},"message":"[worker-pool] Adding worker with key ~diagnostic~, total=1"}}
[debug] [2020-12-16T17:44:44.852Z] [worker-pool] submitWork(triggerId=) {"metadata":{"emulator":{"name":"functions"},"message":"[worker-pool] submitWork(triggerId=)"}}
[debug] [2020-12-16T17:44:44.854Z] [worker-~diagnostic~-f954e7bb-3e20-4acc-98c7-3b03e6ad794a]: Assigning socketPath: /var/folders/70/34354_c94td6p0bh5n6jy1c40000gn/T/fire_emu_4185.sock {"metadata":{"emulator":{"name":"functions"},"message":"[worker-~diagnostic~-f954e7bb-3e20-4acc-98c7-3b03e6ad794a]: Assigning socketPath: /var/folders/70/34354_c94td6p0bh5n6jy1c40000gn/T/fire_emu_4185.sock"}}
[debug] [2020-12-16T17:44:44.856Z] [worker-~diagnostic~-f954e7bb-3e20-4acc-98c7-3b03e6ad794a]: BUSY {"metadata":{"emulator":{"name":"functions"},"message":"[worker-~diagnostic~-f954e7bb-3e20-4acc-98c7-3b03e6ad794a]: BUSY"}}
[debug] [2020-12-16T17:44:45.199Z] [runtime-status] [4185] Functions runtime initialized. {"cwd":"/Users/danielgomez/dev/Projects/react/amazon-clone/functions","node_version":"15.3.0"} {"metadata":{"emulator":{"name":"functions"},"message":"[runtime-status] [4185] Functions runtime initialized. {\"cwd\":\"/Users/danielgomez/dev/Projects/react/amazon-clone/functions\",\"node_version\":\"15.3.0\"}"}}
[debug] [2020-12-16T17:44:45.203Z] [runtime-status] [4185] Disabled runtime features: undefined {"metadata":{"emulator":{"name":"functions"},"message":"[runtime-status] [4185] Disabled runtime features: undefined"}}
[debug] [2020-12-16T17:44:45.214Z] [runtime-status] [4185] Resolved module firebase-admin {"declared":true,"installed":true,"version":"9.4.2","resolution":"/Users/danielgomez/dev/Projects/react/amazon-clone/functions/node_modules/firebase-admin/lib/index.js"} {"metadata":{"emulator":{"name":"functions"},"message":"[runtime-status] [4185] Resolved module firebase-admin {\"declared\":true,\"installed\":true,\"version\":\"9.4.2\",\"resolution\":\"/Users/danielgomez/dev/Projects/react/amazon-clone/functions/node_modules/firebase-admin/lib/index.js\"}"}}
[debug] [2020-12-16T17:44:45.218Z] [runtime-status] [4185] Resolved module firebase-functions {"declared":true,"installed":true,"version":"3.13.0","resolution":"/Users/danielgomez/dev/Projects/react/amazon-clone/functions/node_modules/firebase-functions/lib/index.js"} {"metadata":{"emulator":{"name":"functions"},"message":"[runtime-status] [4185] Resolved module firebase-functions {\"declared\":true,\"installed\":true,\"version\":\"3.13.0\",\"resolution\":\"/Users/danielgomez/dev/Projects/react/amazon-clone/functions/node_modules/firebase-functions/lib/index.js\"}"}}
[debug] [2020-12-16T17:44:45.221Z] [runtime-status] [4185] Resolved module firebase-functions {"declared":true,"installed":true,"version":"3.13.0","resolution":"/Users/danielgomez/dev/Projects/react/amazon-clone/functions/node_modules/firebase-functions/lib/index.js"} {"metadata":{"emulator":{"name":"functions"},"message":"[runtime-status] [4185] Resolved module firebase-functions {\"declared\":true,\"installed\":true,\"version\":\"3.13.0\",\"resolution\":\"/Users/danielgomez/dev/Projects/react/amazon-clone/functions/node_modules/firebase-functions/lib/index.js\"}"}}
[debug] [2020-12-16T17:44:45.224Z] [runtime-status] [4185] Outgoing network have been stubbed. [{"name":"http","status":"mocked"},{"name":"http","status":"mocked"},{"name":"https","status":"mocked"},{"name":"https","status":"mocked"},{"name":"net","status":"mocked"}] {"metadata":{"emulator":{"name":"functions"},"message":"[runtime-status] [4185] Outgoing network have been stubbed. [{\"name\":\"http\",\"status\":\"mocked\"},{\"name\":\"http\",\"status\":\"mocked\"},{\"name\":\"https\",\"status\":\"mocked\"},{\"name\":\"https\",\"status\":\"mocked\"},{\"name\":\"net\",\"status\":\"mocked\"}]"}}
[debug] [2020-12-16T17:44:45.225Z] [runtime-status] [4185] Resolved module firebase-functions {"declared":true,"installed":true,"version":"3.13.0","resolution":"/Users/danielgomez/dev/Projects/react/amazon-clone/functions/node_modules/firebase-functions/lib/index.js"} {"metadata":{"emulator":{"name":"functions"},"message":"[runtime-status] [4185] Resolved module firebase-functions {\"declared\":true,\"installed\":true,\"version\":\"3.13.0\",\"resolution\":\"/Users/danielgomez/dev/Projects/react/amazon-clone/functions/node_modules/firebase-functions/lib/index.js\"}"}}
[debug] [2020-12-16T17:44:45.337Z] [runtime-status] [4185] Checked functions.config() {"config":{}} {"metadata":{"emulator":{"name":"functions"},"message":"[runtime-status] [4185] Checked functions.config() {\"config\":{}}"}}
[debug] [2020-12-16T17:44:45.338Z] [runtime-status] [4185] firebase-functions has been stubbed. {"functionsResolution":{"declared":true,"installed":true,"version":"3.13.0","resolution":"/Users/danielgomez/dev/Projects/react/amazon-clone/functions/node_modules/firebase-functions/lib/index.js"}} {"metadata":{"emulator":{"name":"functions"},"message":"[runtime-status] [4185] firebase-functions has been stubbed. {\"functionsResolution\":{\"declared\":true,\"installed\":true,\"version\":\"3.13.0\",\"resolution\":\"/Users/danielgomez/dev/Projects/react/amazon-clone/functions/node_modules/firebase-functions/lib/index.js\"}}"}}
[debug] [2020-12-16T17:44:45.338Z] [runtime-status] [4185] Resolved module firebase-functions {"declared":true,"installed":true,"version":"3.13.0","resolution":"/Users/danielgomez/dev/Projects/react/amazon-clone/functions/node_modules/firebase-functions/lib/index.js"} {"metadata":{"emulator":{"name":"functions"},"message":"[runtime-status] [4185] Resolved module firebase-functions {\"declared\":true,\"installed\":true,\"version\":\"3.13.0\",\"resolution\":\"/Users/danielgomez/dev/Projects/react/amazon-clone/functions/node_modules/firebase-functions/lib/index.js\"}"}}
[debug] [2020-12-16T17:44:45.340Z] [runtime-status] [4185] Resolved module firebase-admin {"declared":true,"installed":true,"version":"9.4.2","resolution":"/Users/danielgomez/dev/Projects/react/amazon-clone/functions/node_modules/firebase-admin/lib/index.js"} {"metadata":{"emulator":{"name":"functions"},"message":"[runtime-status] [4185] Resolved module firebase-admin {\"declared\":true,\"installed\":true,\"version\":\"9.4.2\",\"resolution\":\"/Users/danielgomez/dev/Projects/react/amazon-clone/functions/node_modules/firebase-admin/lib/index.js\"}"}}
[debug] [2020-12-16T17:44:45.342Z] [runtime-status] [4185] Resolved module firebase-functions {"declared":true,"installed":true,"version":"3.13.0","resolution":"/Users/danielgomez/dev/Projects/react/amazon-clone/functions/node_modules/firebase-functions/lib/index.js"} {"metadata":{"emulator":{"name":"functions"},"message":"[runtime-status] [4185] Resolved module firebase-functions {\"declared\":true,\"installed\":true,\"version\":\"3.13.0\",\"resolution\":\"/Users/danielgomez/dev/Projects/react/amazon-clone/functions/node_modules/firebase-functions/lib/index.js\"}"}}
[debug] [2020-12-16T17:44:45.343Z] [runtime-status] [4185] firebase-admin has been stubbed. {"adminResolution":{"declared":true,"installed":true,"version":"9.4.2","resolution":"/Users/danielgomez/dev/Projects/react/amazon-clone/functions/node_modules/firebase-admin/lib/index.js"}} {"metadata":{"emulator":{"name":"functions"},"message":"[runtime-status] [4185] firebase-admin has been stubbed. {\"adminResolution\":{\"declared\":true,\"installed\":true,\"version\":\"9.4.2\",\"resolution\":\"/Users/danielgomez/dev/Projects/react/amazon-clone/functions/node_modules/firebase-admin/lib/index.js\"}}"}}
[info] ✔  functions[api]: http function initialized (http://localhost:5001/clone-d3a88/us-central1/api). {"metadata":{"emulator":{"name":"functions"},"message":"\u001b[1mhttp\u001b[22m function initialized (http://localhost:5001/clone-d3a88/us-central1/api)."}}
[info] 
┌────────────────────────────────────────────────────────────────┐
│ ✔  All emulators ready! View status and logs at localhost:4000 │
└────────────────────────────────────────────────────────────────┘

┌───────────┬────────────────┬──────────────────────────┐
│ Emulator  │ Host:Port      │ View in Emulator UI      │
├───────────┼────────────────┼──────────────────────────┤
│ Functions │ localhost:5001 │ localhost:4000/functions │
├───────────┼────────────────┼──────────────────────────┤
│ Hosting   │ localhost:5000 │ n/a                      │
└───────────┴────────────────┴──────────────────────────┘
  Other reserved ports: 4400, 4500

Issues? Report them at https://github.com/firebase/firebase-tools/issues and attach the *-debug.log files.
 
[debug] [2020-12-16T17:44:45.714Z] [worker-~diagnostic~-f954e7bb-3e20-4acc-98c7-3b03e6ad794a]: IDLE {"metadata":{"emulator":{"name":"functions"},"message":"[worker-~diagnostic~-f954e7bb-3e20-4acc-98c7-3b03e6ad794a]: IDLE"}}
[debug] [2020-12-16T17:45:21.083Z] [work-queue] {"queueLength":1,"workRunningCount":0}
[debug] [2020-12-16T17:45:21.085Z] [work-queue] {"queueLength":0,"workRunningCount":1}
[debug] [2020-12-16T17:45:21.088Z] Accepted request GET /clone-d3a88/us-central1/api --> api
[debug] [2020-12-16T17:45:21.107Z] [worker-pool] addWorker(api) {"metadata":{"emulator":{"name":"functions"},"message":"[worker-pool] addWorker(api)"}}
[debug] [2020-12-16T17:45:21.108Z] [worker-pool] Adding worker with key api, total=1 {"metadata":{"emulator":{"name":"functions"},"message":"[worker-pool] Adding worker with key api, total=1"}}
[debug] [2020-12-16T17:45:21.109Z] [worker-pool] submitWork(triggerId=api) {"metadata":{"emulator":{"name":"functions"},"message":"[worker-pool] submitWork(triggerId=api)"}}
[debug] [2020-12-16T17:45:21.110Z] [worker-api-90e14877-85ac-4193-b8af-c9bf2f6c8caa]: Assigning socketPath: /var/folders/70/34354_c94td6p0bh5n6jy1c40000gn/T/fire_emu_4190.sock {"metadata":{"emulator":{"name":"functions"},"message":"[worker-api-90e14877-85ac-4193-b8af-c9bf2f6c8caa]: Assigning socketPath: /var/folders/70/34354_c94td6p0bh5n6jy1c40000gn/T/fire_emu_4190.sock"}}
[debug] [2020-12-16T17:45:21.111Z] [worker-api-90e14877-85ac-4193-b8af-c9bf2f6c8caa]: BUSY {"metadata":{"emulator":{"name":"functions"},"message":"[worker-api-90e14877-85ac-4193-b8af-c9bf2f6c8caa]: BUSY"}}
[debug] [2020-12-16T17:45:22.168Z] [runtime-status] [4190] Functions runtime initialized. {"cwd":"/Users/danielgomez/dev/Projects/react/amazon-clone/functions","node_version":"15.3.0"} {"metadata":{"emulator":{"name":"functions"},"function":{"name":"api"},"message":"[runtime-status] [4190] Functions runtime initialized. {\"cwd\":\"/Users/danielgomez/dev/Projects/react/amazon-clone/functions\",\"node_version\":\"15.3.0\"}"}}
[debug] [2020-12-16T17:45:22.192Z] [runtime-status] [4190] Disabled runtime features: undefined {"metadata":{"emulator":{"name":"functions"},"function":{"name":"api"},"message":"[runtime-status] [4190] Disabled runtime features: undefined"}}
[debug] [2020-12-16T17:45:22.205Z] [runtime-status] [4190] Resolved module firebase-admin {"declared":true,"installed":true,"version":"9.4.2","resolution":"/Users/danielgomez/dev/Projects/react/amazon-clone/functions/node_modules/firebase-admin/lib/index.js"} {"metadata":{"emulator":{"name":"functions"},"function":{"name":"api"},"message":"[runtime-status] [4190] Resolved module firebase-admin {\"declared\":true,\"installed\":true,\"version\":\"9.4.2\",\"resolution\":\"/Users/danielgomez/dev/Projects/react/amazon-clone/functions/node_modules/firebase-admin/lib/index.js\"}"}}
[debug] [2020-12-16T17:45:22.208Z] [runtime-status] [4190] Resolved module firebase-functions {"declared":true,"installed":true,"version":"3.13.0","resolution":"/Users/danielgomez/dev/Projects/react/amazon-clone/functions/node_modules/firebase-functions/lib/index.js"} {"metadata":{"emulator":{"name":"functions"},"function":{"name":"api"},"message":"[runtime-status] [4190] Resolved module firebase-functions {\"declared\":true,\"installed\":true,\"version\":\"3.13.0\",\"resolution\":\"/Users/danielgomez/dev/Projects/react/amazon-clone/functions/node_modules/firebase-functions/lib/index.js\"}"}}
[debug] [2020-12-16T17:45:22.213Z] [runtime-status] [4190] Resolved module firebase-functions {"declared":true,"installed":true,"version":"3.13.0","resolution":"/Users/danielgomez/dev/Projects/react/amazon-clone/functions/node_modules/firebase-functions/lib/index.js"} {"metadata":{"emulator":{"name":"functions"},"function":{"name":"api"},"message":"[runtime-status] [4190] Resolved module firebase-functions {\"declared\":true,\"installed\":true,\"version\":\"3.13.0\",\"resolution\":\"/Users/danielgomez/dev/Projects/react/amazon-clone/functions/node_modules/firebase-functions/lib/index.js\"}"}}
[debug] [2020-12-16T17:45:22.226Z] [runtime-status] [4190] Outgoing network have been stubbed. [{"name":"http","status":"mocked"},{"name":"http","status":"mocked"},{"name":"https","status":"mocked"},{"name":"https","status":"mocked"},{"name":"net","status":"mocked"}] {"metadata":{"emulator":{"name":"functions"},"function":{"name":"api"},"message":"[runtime-status] [4190] Outgoing network have been stubbed. [{\"name\":\"http\",\"status\":\"mocked\"},{\"name\":\"http\",\"status\":\"mocked\"},{\"name\":\"https\",\"status\":\"mocked\"},{\"name\":\"https\",\"status\":\"mocked\"},{\"name\":\"net\",\"status\":\"mocked\"}]"}}
[debug] [2020-12-16T17:45:22.228Z] [runtime-status] [4190] Resolved module firebase-functions {"declared":true,"installed":true,"version":"3.13.0","resolution":"/Users/danielgomez/dev/Projects/react/amazon-clone/functions/node_modules/firebase-functions/lib/index.js"} {"metadata":{"emulator":{"name":"functions"},"function":{"name":"api"},"message":"[runtime-status] [4190] Resolved module firebase-functions {\"declared\":true,\"installed\":true,\"version\":\"3.13.0\",\"resolution\":\"/Users/danielgomez/dev/Projects/react/amazon-clone/functions/node_modules/firebase-functions/lib/index.js\"}"}}
[debug] [2020-12-16T17:45:22.421Z] [runtime-status] [4190] Checked functions.config() {"config":{}} {"metadata":{"emulator":{"name":"functions"},"function":{"name":"api"},"message":"[runtime-status] [4190] Checked functions.config() {\"config\":{}}"}}
[debug] [2020-12-16T17:45:22.422Z] [runtime-status] [4190] firebase-functions has been stubbed. {"functionsResolution":{"declared":true,"installed":true,"version":"3.13.0","resolution":"/Users/danielgomez/dev/Projects/react/amazon-clone/functions/node_modules/firebase-functions/lib/index.js"}} {"metadata":{"emulator":{"name":"functions"},"function":{"name":"api"},"message":"[runtime-status] [4190] firebase-functions has been stubbed. {\"functionsResolution\":{\"declared\":true,\"installed\":true,\"version\":\"3.13.0\",\"resolution\":\"/Users/danielgomez/dev/Projects/react/amazon-clone/functions/node_modules/firebase-functions/lib/index.js\"}}"}}
[debug] [2020-12-16T17:45:22.423Z] [runtime-status] [4190] Resolved module firebase-functions {"declared":true,"installed":true,"version":"3.13.0","resolution":"/Users/danielgomez/dev/Projects/react/amazon-clone/functions/node_modules/firebase-functions/lib/index.js"} {"metadata":{"emulator":{"name":"functions"},"function":{"name":"api"},"message":"[runtime-status] [4190] Resolved module firebase-functions {\"declared\":true,\"installed\":true,\"version\":\"3.13.0\",\"resolution\":\"/Users/danielgomez/dev/Projects/react/amazon-clone/functions/node_modules/firebase-functions/lib/index.js\"}"}}
[debug] [2020-12-16T17:45:22.424Z] [runtime-status] [4190] Resolved module firebase-admin {"declared":true,"installed":true,"version":"9.4.2","resolution":"/Users/danielgomez/dev/Projects/react/amazon-clone/functions/node_modules/firebase-admin/lib/index.js"} {"metadata":{"emulator":{"name":"functions"},"function":{"name":"api"},"message":"[runtime-status] [4190] Resolved module firebase-admin {\"declared\":true,\"installed\":true,\"version\":\"9.4.2\",\"resolution\":\"/Users/danielgomez/dev/Projects/react/amazon-clone/functions/node_modules/firebase-admin/lib/index.js\"}"}}
[debug] [2020-12-16T17:45:22.425Z] [runtime-status] [4190] Resolved module firebase-functions {"declared":true,"installed":true,"version":"3.13.0","resolution":"/Users/danielgomez/dev/Projects/react/amazon-clone/functions/node_modules/firebase-functions/lib/index.js"} {"metadata":{"emulator":{"name":"functions"},"function":{"name":"api"},"message":"[runtime-status] [4190] Resolved module firebase-functions {\"declared\":true,\"installed\":true,\"version\":\"3.13.0\",\"resolution\":\"/Users/danielgomez/dev/Projects/react/amazon-clone/functions/node_modules/firebase-functions/lib/index.js\"}"}}
[debug] [2020-12-16T17:45:22.425Z] [runtime-status] [4190] firebase-admin has been stubbed. {"adminResolution":{"declared":true,"installed":true,"version":"9.4.2","resolution":"/Users/danielgomez/dev/Projects/react/amazon-clone/functions/node_modules/firebase-admin/lib/index.js"}} {"metadata":{"emulator":{"name":"functions"},"function":{"name":"api"},"message":"[runtime-status] [4190] firebase-admin has been stubbed. {\"adminResolution\":{\"declared\":true,\"installed\":true,\"version\":\"9.4.2\",\"resolution\":\"/Users/danielgomez/dev/Projects/react/amazon-clone/functions/node_modules/firebase-admin/lib/index.js\"}}"}}
[debug] [2020-12-16T17:45:22.690Z] [runtime-status] [4190] Trigger "api" has been found, beginning invocation! {"metadata":{"emulator":{"name":"functions"},"function":{"name":"api"},"message":"[runtime-status] [4190] Trigger \"api\" has been found, beginning invocation!"}}
[info] i  functions: Beginning execution of "api" {"metadata":{"emulator":{"name":"functions"},"function":{"name":"api"},"message":"Beginning execution of \"api\""}}
[debug] [2020-12-16T17:45:22.691Z] [runtime-status] [4190] triggerDefinition {"httpsTrigger":{},"name":"api","entryPoint":"api"} {"metadata":{"emulator":{"name":"functions"},"function":{"name":"api"},"message":"[runtime-status] [4190] triggerDefinition {\"httpsTrigger\":{},\"name\":\"api\",\"entryPoint\":\"api\"}"}}
[debug] [2020-12-16T17:45:22.692Z] [runtime-status] [4190] Running api in mode HTTPS {"metadata":{"emulator":{"name":"functions"},"function":{"name":"api"},"message":"[runtime-status] [4190] Running api in mode HTTPS"}}
[debug] [2020-12-16T17:45:22.698Z] [runtime-status] [4190] Attempting to listen to socketPath: /var/folders/70/34354_c94td6p0bh5n6jy1c40000gn/T/fire_emu_4190.sock {"metadata":{"emulator":{"name":"functions"},"function":{"name":"api"},"message":"[runtime-status] [4190] Attempting to listen to socketPath: /var/folders/70/34354_c94td6p0bh5n6jy1c40000gn/T/fire_emu_4190.sock"}}
[debug] [2020-12-16T17:45:22.705Z] [functions] Runtime ready! Sending request! {"metadata":{"emulator":{"name":"functions"},"message":"[functions] Runtime ready! Sending request!"}}
[debug] [2020-12-16T17:45:22.730Z] [runtime-status] [4190] Ephemeral server handling GET request {"metadata":{"emulator":{"name":"functions"},"function":{"name":"api"},"message":"[runtime-status] [4190] Ephemeral server handling GET request"}}
[debug] [2020-12-16T17:45:22.756Z] [runtime-status] [4190] Ephemeral server survived. {"metadata":{"emulator":{"name":"functions"},"function":{"name":"api"},"message":"[runtime-status] [4190] Ephemeral server survived."}}
[info] i  functions: Finished "api" in ~1s {"metadata":{"emulator":{"name":"functions"},"function":{"name":"api"},"message":"Finished \"api\" in ~1s"}}
[debug] [2020-12-16T17:45:22.768Z] [worker-api-90e14877-85ac-4193-b8af-c9bf2f6c8caa]: IDLE {"metadata":{"emulator":{"name":"functions"},"message":"[worker-api-90e14877-85ac-4193-b8af-c9bf2f6c8caa]: IDLE"}}
[debug] [2020-12-16T17:45:22.769Z] [work-queue] {"queueLength":0,"workRunningCount":0}
[debug] [2020-12-16T17:45:23.616Z] Functions emulator received unknown request at path /favicon.ico
[debug] [2020-12-16T17:45:48.389Z] [work-queue] {"queueLength":1,"workRunningCount":0}
[debug] [2020-12-16T17:45:48.389Z] [work-queue] {"queueLength":0,"workRunningCount":1}
[debug] [2020-12-16T17:45:48.390Z] Accepted request POST /clone-d3a88/us-central1/api/payments/create?total=0 --> api
[debug] [2020-12-16T17:45:48.390Z] [worker-pool] submitWork(triggerId=api) {"metadata":{"emulator":{"name":"functions"},"message":"[worker-pool] submitWork(triggerId=api)"}}
[debug] [2020-12-16T17:45:48.390Z] [worker-api-90e14877-85ac-4193-b8af-c9bf2f6c8caa]: Assigning socketPath: /var/folders/70/34354_c94td6p0bh5n6jy1c40000gn/T/fire_emu_4190.sock {"metadata":{"emulator":{"name":"functions"},"message":"[worker-api-90e14877-85ac-4193-b8af-c9bf2f6c8caa]: Assigning socketPath: /var/folders/70/34354_c94td6p0bh5n6jy1c40000gn/T/fire_emu_4190.sock"}}
[debug] [2020-12-16T17:45:48.390Z] [worker-api-90e14877-85ac-4193-b8af-c9bf2f6c8caa]: BUSY {"metadata":{"emulator":{"name":"functions"},"message":"[worker-api-90e14877-85ac-4193-b8af-c9bf2f6c8caa]: BUSY"}}
[debug] [2020-12-16T17:45:48.392Z] [runtime-status] [4190] Trigger "api" has been found, beginning invocation! {"metadata":{"emulator":{"name":"functions"},"function":{"name":"api"},"message":"[runtime-status] [4190] Trigger \"api\" has been found, beginning invocation!"}}
[info] i  functions: Beginning execution of "api" {"metadata":{"emulator":{"name":"functions"},"function":{"name":"api"},"message":"Beginning execution of \"api\""}}
[debug] [2020-12-16T17:45:48.395Z] [runtime-status] [4190] triggerDefinition {"httpsTrigger":{},"name":"api","entryPoint":"api"} {"metadata":{"emulator":{"name":"functions"},"function":{"name":"api"},"message":"[runtime-status] [4190] triggerDefinition {\"httpsTrigger\":{},\"name\":\"api\",\"entryPoint\":\"api\"}"}}
[debug] [2020-12-16T17:45:48.396Z] [runtime-status] [4190] Running api in mode HTTPS {"metadata":{"emulator":{"name":"functions"},"function":{"name":"api"},"message":"[runtime-status] [4190] Running api in mode HTTPS"}}
[debug] [2020-12-16T17:45:48.397Z] [runtime-status] [4190] Attempting to listen to socketPath: /var/folders/70/34354_c94td6p0bh5n6jy1c40000gn/T/fire_emu_4190.sock {"metadata":{"emulator":{"name":"functions"},"function":{"name":"api"},"message":"[runtime-status] [4190] Attempting to listen to socketPath: /var/folders/70/34354_c94td6p0bh5n6jy1c40000gn/T/fire_emu_4190.sock"}}
[debug] [2020-12-16T17:45:48.399Z] [functions] Runtime ready! Sending request! {"metadata":{"emulator":{"name":"functions"},"message":"[functions] Runtime ready! Sending request!"}}
[debug] [2020-12-16T17:45:48.410Z] [runtime-status] [4190] Ephemeral server handling POST request {"metadata":{"emulator":{"name":"functions"},"function":{"name":"api"},"message":"[runtime-status] [4190] Ephemeral server handling POST request"}}
[info] >  Payment request recieved Boom!! for this amount >>> 0 {"user":"Payment request recieved Boom!! for this amount >>> 0","metadata":{"emulator":{"name":"functions"},"function":{"name":"api"},"message":"\u001b[90m> \u001b[39m Payment request recieved Boom!! for this amount >>> 0"}}
[debug] [2020-12-16T17:45:48.440Z] [runtime-status] [4190] Ephemeral server survived. {"metadata":{"emulator":{"name":"functions"},"function":{"name":"api"},"message":"[runtime-status] [4190] Ephemeral server survived."}}
[info] >  /Users/danielgomez/dev/Projects/react/amazon-clone/functions/node_modules/stripe/lib/Error.js:40 {"user":"/Users/danielgomez/dev/Projects/react/amazon-clone/functions/node_modules/stripe/lib/Error.js:40","metadata":{"emulator":{"name":"functions"},"function":{"name":"api"},"message":"\u001b[90m> \u001b[39m /Users/danielgomez/dev/Projects/react/amazon-clone/functions/node_modules/stripe/lib/Error.js:40"}}
[info] >          return new StripeInvalidRequestError(rawStripeError); {"user":"        return new StripeInvalidRequestError(rawStripeError);","metadata":{"emulator":{"name":"functions"},"function":{"name":"api"},"message":"\u001b[90m> \u001b[39m         return new StripeInvalidRequestError(rawStripeError);"}}
[info] >                 ^ {"user":"               ^","metadata":{"emulator":{"name":"functions"},"function":{"name":"api"},"message":"\u001b[90m> \u001b[39m                ^"}}
[info] >   {"user":"","metadata":{"emulator":{"name":"functions"},"function":{"name":"api"},"message":"\u001b[90m> \u001b[39m "}}
[info] >  StripeInvalidRequestError: This value must be greater than or equal to 1. {"user":"StripeInvalidRequestError: This value must be greater than or equal to 1.","metadata":{"emulator":{"name":"functions"},"function":{"name":"api"},"message":"\u001b[90m> \u001b[39m StripeInvalidRequestError: This value must be greater than or equal to 1."}}
[info] >      at Function.generate (/Users/danielgomez/dev/Projects/react/amazon-clone/functions/node_modules/stripe/lib/Error.js:40:16) {"user":"    at Function.generate (/Users/danielgomez/dev/Projects/react/amazon-clone/functions/node_modules/stripe/lib/Error.js:40:16)","metadata":{"emulator":{"name":"functions"},"function":{"name":"api"},"message":"\u001b[90m> \u001b[39m     at Function.generate (/Users/danielgomez/dev/Projects/react/amazon-clone/functions/node_modules/stripe/lib/Error.js:40:16)"}}
[info] >      at IncomingMessage.<anonymous> (/Users/danielgomez/dev/Projects/react/amazon-clone/functions/node_modules/stripe/lib/StripeResource.js:190:33) {"user":"    at IncomingMessage.<anonymous> (/Users/danielgomez/dev/Projects/react/amazon-clone/functions/node_modules/stripe/lib/StripeResource.js:190:33)","metadata":{"emulator":{"name":"functions"},"function":{"name":"api"},"message":"\u001b[90m> \u001b[39m     at IncomingMessage.<anonymous> (/Users/danielgomez/dev/Projects/react/amazon-clone/functions/node_modules/stripe/lib/StripeResource.js:190:33)"}}
[info] >      at Object.onceWrapper (node:events:482:28) {"user":"    at Object.onceWrapper (node:events:482:28)","metadata":{"emulator":{"name":"functions"},"function":{"name":"api"},"message":"\u001b[90m> \u001b[39m     at Object.onceWrapper (node:events:482:28)"}}
[info] >      at IncomingMessage.emit (node:events:388:22) {"user":"    at IncomingMessage.emit (node:events:388:22)","metadata":{"emulator":{"name":"functions"},"function":{"name":"api"},"message":"\u001b[90m> \u001b[39m     at IncomingMessage.emit (node:events:388:22)"}}
[info] >      at endReadableNT (node:internal/streams/readable:1294:12) {"user":"    at endReadableNT (node:internal/streams/readable:1294:12)","metadata":{"emulator":{"name":"functions"},"function":{"name":"api"},"message":"\u001b[90m> \u001b[39m     at endReadableNT (node:internal/streams/readable:1294:12)"}}
[info] >      at processTicksAndRejections (node:internal/process/task_queues:80:21) { {"user":"    at processTicksAndRejections (node:internal/process/task_queues:80:21) {","metadata":{"emulator":{"name":"functions"},"function":{"name":"api"},"message":"\u001b[90m> \u001b[39m     at processTicksAndRejections (node:internal/process/task_queues:80:21) {"}}
[info] >    type: 'StripeInvalidRequestError', {"user":"  type: 'StripeInvalidRequestError',","metadata":{"emulator":{"name":"functions"},"function":{"name":"api"},"message":"\u001b[90m> \u001b[39m   type: 'StripeInvalidRequestError',"}}
[info] >    raw: { {"user":"  raw: {","metadata":{"emulator":{"name":"functions"},"function":{"name":"api"},"message":"\u001b[90m> \u001b[39m   raw: {"}}
[info] >      code: 'parameter_invalid_integer', {"user":"    code: 'parameter_invalid_integer',","metadata":{"emulator":{"name":"functions"},"function":{"name":"api"},"message":"\u001b[90m> \u001b[39m     code: 'parameter_invalid_integer',"}}
[info] >      doc_url: 'https://stripe.com/docs/error-codes/parameter-invalid-integer', {"user":"    doc_url: 'https://stripe.com/docs/error-codes/parameter-invalid-integer',","metadata":{"emulator":{"name":"functions"},"function":{"name":"api"},"message":"\u001b[90m> \u001b[39m     doc_url: 'https://stripe.com/docs/error-codes/parameter-invalid-integer',"}}
[info] >      message: 'This value must be greater than or equal to 1.', {"user":"    message: 'This value must be greater than or equal to 1.',","metadata":{"emulator":{"name":"functions"},"function":{"name":"api"},"message":"\u001b[90m> \u001b[39m     message: 'This value must be greater than or equal to 1.',"}}
[info] >      param: 'amount', {"user":"    param: 'amount',","metadata":{"emulator":{"name":"functions"},"function":{"name":"api"},"message":"\u001b[90m> \u001b[39m     param: 'amount',"}}
[info] >      type: 'invalid_request_error', {"user":"    type: 'invalid_request_error',","metadata":{"emulator":{"name":"functions"},"function":{"name":"api"},"message":"\u001b[90m> \u001b[39m     type: 'invalid_request_error',"}}
[info] >      headers: { {"user":"    headers: {","metadata":{"emulator":{"name":"functions"},"function":{"name":"api"},"message":"\u001b[90m> \u001b[39m     headers: {"}}
[info] >        server: 'nginx', {"user":"      server: 'nginx',","metadata":{"emulator":{"name":"functions"},"function":{"name":"api"},"message":"\u001b[90m> \u001b[39m       server: 'nginx',"}}
[info] >        date: 'Wed, 16 Dec 2020 17:45:48 GMT', {"user":"      date: 'Wed, 16 Dec 2020 17:45:48 GMT',","metadata":{"emulator":{"name":"functions"},"function":{"name":"api"},"message":"\u001b[90m> \u001b[39m       date: 'Wed, 16 Dec 2020 17:45:48 GMT',"}}
[info] >        'content-type': 'application/json', {"user":"      'content-type': 'application/json',","metadata":{"emulator":{"name":"functions"},"function":{"name":"api"},"message":"\u001b[90m> \u001b[39m       'content-type': 'application/json',"}}
[info] >        'content-length': '266', {"user":"      'content-length': '266',","metadata":{"emulator":{"name":"functions"},"function":{"name":"api"},"message":"\u001b[90m> \u001b[39m       'content-length': '266',"}}
[info] >        connection: 'keep-alive', {"user":"      connection: 'keep-alive',","metadata":{"emulator":{"name":"functions"},"function":{"name":"api"},"message":"\u001b[90m> \u001b[39m       connection: 'keep-alive',"}}
[info] >        'access-control-allow-credentials': 'true', {"user":"      'access-control-allow-credentials': 'true',","metadata":{"emulator":{"name":"functions"},"function":{"name":"api"},"message":"\u001b[90m> \u001b[39m       'access-control-allow-credentials': 'true',"}}
[info] >        'access-control-allow-methods': 'GET, POST, HEAD, OPTIONS, DELETE', {"user":"      'access-control-allow-methods': 'GET, POST, HEAD, OPTIONS, DELETE',","metadata":{"emulator":{"name":"functions"},"function":{"name":"api"},"message":"\u001b[90m> \u001b[39m       'access-control-allow-methods': 'GET, POST, HEAD, OPTIONS, DELETE',"}}
[info] >        'access-control-allow-origin': '*', {"user":"      'access-control-allow-origin': '*',","metadata":{"emulator":{"name":"functions"},"function":{"name":"api"},"message":"\u001b[90m> \u001b[39m       'access-control-allow-origin': '*',"}}
[info] >        'access-control-expose-headers': 'Request-Id, Stripe-Manage-Version, X-Stripe-External-Auth-Required, X-Stripe-Privileged-Session-Required', {"user":"      'access-control-expose-headers': 'Request-Id, Stripe-Manage-Version, X-Stripe-External-Auth-Required, X-Stripe-Privileged-Session-Required',","metadata":{"emulator":{"name":"functions"},"function":{"name":"api"},"message":"\u001b[90m> \u001b[39m       'access-control-expose-headers': 'Request-Id, Stripe-Manage-Version, X-Stripe-External-Auth-Required, X-Stripe-Privileged-Session-Required',"}}
[info] >        'access-control-max-age': '300', {"user":"      'access-control-max-age': '300',","metadata":{"emulator":{"name":"functions"},"function":{"name":"api"},"message":"\u001b[90m> \u001b[39m       'access-control-max-age': '300',"}}
[info] >        'cache-control': 'no-cache, no-store', {"user":"      'cache-control': 'no-cache, no-store',","metadata":{"emulator":{"name":"functions"},"function":{"name":"api"},"message":"\u001b[90m> \u001b[39m       'cache-control': 'no-cache, no-store',"}}
[info] >        'request-id': 'req_c7mQIAx3QDrAYT', {"user":"      'request-id': 'req_c7mQIAx3QDrAYT',","metadata":{"emulator":{"name":"functions"},"function":{"name":"api"},"message":"\u001b[90m> \u001b[39m       'request-id': 'req_c7mQIAx3QDrAYT',"}}
[info] >        'stripe-version': '2020-08-27', {"user":"      'stripe-version': '2020-08-27',","metadata":{"emulator":{"name":"functions"},"function":{"name":"api"},"message":"\u001b[90m> \u001b[39m       'stripe-version': '2020-08-27',"}}
[info] >        'strict-transport-security': 'max-age=31556926; includeSubDomains; preload' {"user":"      'strict-transport-security': 'max-age=31556926; includeSubDomains; preload'","metadata":{"emulator":{"name":"functions"},"function":{"name":"api"},"message":"\u001b[90m> \u001b[39m       'strict-transport-security': 'max-age=31556926; includeSubDomains; preload'"}}
[info] >      }, {"user":"    },","metadata":{"emulator":{"name":"functions"},"function":{"name":"api"},"message":"\u001b[90m> \u001b[39m     },"}}
[info] >      statusCode: 400, {"user":"    statusCode: 400,","metadata":{"emulator":{"name":"functions"},"function":{"name":"api"},"message":"\u001b[90m> \u001b[39m     statusCode: 400,"}}
[info] >      requestId: 'req_c7mQIAx3QDrAYT' {"user":"    requestId: 'req_c7mQIAx3QDrAYT'","metadata":{"emulator":{"name":"functions"},"function":{"name":"api"},"message":"\u001b[90m> \u001b[39m     requestId: 'req_c7mQIAx3QDrAYT'"}}
[info] >    }, {"user":"  },","metadata":{"emulator":{"name":"functions"},"function":{"name":"api"},"message":"\u001b[90m> \u001b[39m   },"}}
[info] >    rawType: 'invalid_request_error', {"user":"  rawType: 'invalid_request_error',","metadata":{"emulator":{"name":"functions"},"function":{"name":"api"},"message":"\u001b[90m> \u001b[39m   rawType: 'invalid_request_error',"}}
[info] >    code: 'parameter_invalid_integer', {"user":"  code: 'parameter_invalid_integer',","metadata":{"emulator":{"name":"functions"},"function":{"name":"api"},"message":"\u001b[90m> \u001b[39m   code: 'parameter_invalid_integer',"}}
[info] >    doc_url: 'https://stripe.com/docs/error-codes/parameter-invalid-integer', {"user":"  doc_url: 'https://stripe.com/docs/error-codes/parameter-invalid-integer',","metadata":{"emulator":{"name":"functions"},"function":{"name":"api"},"message":"\u001b[90m> \u001b[39m   doc_url: 'https://stripe.com/docs/error-codes/parameter-invalid-integer',"}}
[info] >    param: 'amount', {"user":"  param: 'amount',","metadata":{"emulator":{"name":"functions"},"function":{"name":"api"},"message":"\u001b[90m> \u001b[39m   param: 'amount',"}}
[info] >    detail: undefined, {"user":"  detail: undefined,","metadata":{"emulator":{"name":"functions"},"function":{"name":"api"},"message":"\u001b[90m> \u001b[39m   detail: undefined,"}}
[info] >    headers: { {"user":"  headers: {","metadata":{"emulator":{"name":"functions"},"function":{"name":"api"},"message":"\u001b[90m> \u001b[39m   headers: {"}}
[info] >      server: 'nginx', {"user":"    server: 'nginx',","metadata":{"emulator":{"name":"functions"},"function":{"name":"api"},"message":"\u001b[90m> \u001b[39m     server: 'nginx',"}}
[info] >      date: 'Wed, 16 Dec 2020 17:45:48 GMT', {"user":"    date: 'Wed, 16 Dec 2020 17:45:48 GMT',","metadata":{"emulator":{"name":"functions"},"function":{"name":"api"},"message":"\u001b[90m> \u001b[39m     date: 'Wed, 16 Dec 2020 17:45:48 GMT',"}}
[info] >      'content-type': 'application/json', {"user":"    'content-type': 'application/json',","metadata":{"emulator":{"name":"functions"},"function":{"name":"api"},"message":"\u001b[90m> \u001b[39m     'content-type': 'application/json',"}}
[info] >      'content-length': '266', {"user":"    'content-length': '266',","metadata":{"emulator":{"name":"functions"},"function":{"name":"api"},"message":"\u001b[90m> \u001b[39m     'content-length': '266',"}}
[info] >      connection: 'keep-alive', {"user":"    connection: 'keep-alive',","metadata":{"emulator":{"name":"functions"},"function":{"name":"api"},"message":"\u001b[90m> \u001b[39m     connection: 'keep-alive',"}}
[info] >      'access-control-allow-credentials': 'true', {"user":"    'access-control-allow-credentials': 'true',","metadata":{"emulator":{"name":"functions"},"function":{"name":"api"},"message":"\u001b[90m> \u001b[39m     'access-control-allow-credentials': 'true',"}}
[info] >      'access-control-allow-methods': 'GET, POST, HEAD, OPTIONS, DELETE', {"user":"    'access-control-allow-methods': 'GET, POST, HEAD, OPTIONS, DELETE',","metadata":{"emulator":{"name":"functions"},"function":{"name":"api"},"message":"\u001b[90m> \u001b[39m     'access-control-allow-methods': 'GET, POST, HEAD, OPTIONS, DELETE',"}}
[info] >      'access-control-allow-origin': '*', {"user":"    'access-control-allow-origin': '*',","metadata":{"emulator":{"name":"functions"},"function":{"name":"api"},"message":"\u001b[90m> \u001b[39m     'access-control-allow-origin': '*',"}}
[info] >      'access-control-expose-headers': 'Request-Id, Stripe-Manage-Version, X-Stripe-External-Auth-Required, X-Stripe-Privileged-Session-Required', {"user":"    'access-control-expose-headers': 'Request-Id, Stripe-Manage-Version, X-Stripe-External-Auth-Required, X-Stripe-Privileged-Session-Required',","metadata":{"emulator":{"name":"functions"},"function":{"name":"api"},"message":"\u001b[90m> \u001b[39m     'access-control-expose-headers': 'Request-Id, Stripe-Manage-Version, X-Stripe-External-Auth-Required, X-Stripe-Privileged-Session-Required',"}}
[info] >      'access-control-max-age': '300', {"user":"    'access-control-max-age': '300',","metadata":{"emulator":{"name":"functions"},"function":{"name":"api"},"message":"\u001b[90m> \u001b[39m     'access-control-max-age': '300',"}}
[info] >      'cache-control': 'no-cache, no-store', {"user":"    'cache-control': 'no-cache, no-store',","metadata":{"emulator":{"name":"functions"},"function":{"name":"api"},"message":"\u001b[90m> \u001b[39m     'cache-control': 'no-cache, no-store',"}}
[info] >      'request-id': 'req_c7mQIAx3QDrAYT', {"user":"    'request-id': 'req_c7mQIAx3QDrAYT',","metadata":{"emulator":{"name":"functions"},"function":{"name":"api"},"message":"\u001b[90m> \u001b[39m     'request-id': 'req_c7mQIAx3QDrAYT',"}}
[info] >      'stripe-version': '2020-08-27', {"user":"    'stripe-version': '2020-08-27',","metadata":{"emulator":{"name":"functions"},"function":{"name":"api"},"message":"\u001b[90m> \u001b[39m     'stripe-version': '2020-08-27',"}}
[info] >      'strict-transport-security': 'max-age=31556926; includeSubDomains; preload' {"user":"    'strict-transport-security': 'max-age=31556926; includeSubDomains; preload'","metadata":{"emulator":{"name":"functions"},"function":{"name":"api"},"message":"\u001b[90m> \u001b[39m     'strict-transport-security': 'max-age=31556926; includeSubDomains; preload'"}}
[info] >    }, {"user":"  },","metadata":{"emulator":{"name":"functions"},"function":{"name":"api"},"message":"\u001b[90m> \u001b[39m   },"}}
[info] >    requestId: 'req_c7mQIAx3QDrAYT', {"user":"  requestId: 'req_c7mQIAx3QDrAYT',","metadata":{"emulator":{"name":"functions"},"function":{"name":"api"},"message":"\u001b[90m> \u001b[39m   requestId: 'req_c7mQIAx3QDrAYT',"}}
[info] >    statusCode: 400, {"user":"  statusCode: 400,","metadata":{"emulator":{"name":"functions"},"function":{"name":"api"},"message":"\u001b[90m> \u001b[39m   statusCode: 400,"}}
[info] >    charge: undefined, {"user":"  charge: undefined,","metadata":{"emulator":{"name":"functions"},"function":{"name":"api"},"message":"\u001b[90m> \u001b[39m   charge: undefined,"}}
[info] >    decline_code: undefined, {"user":"  decline_code: undefined,","metadata":{"emulator":{"name":"functions"},"function":{"name":"api"},"message":"\u001b[90m> \u001b[39m   decline_code: undefined,"}}
[info] >    payment_intent: undefined, {"user":"  payment_intent: undefined,","metadata":{"emulator":{"name":"functions"},"function":{"name":"api"},"message":"\u001b[90m> \u001b[39m   payment_intent: undefined,"}}
[info] >    payment_method: undefined, {"user":"  payment_method: undefined,","metadata":{"emulator":{"name":"functions"},"function":{"name":"api"},"message":"\u001b[90m> \u001b[39m   payment_method: undefined,"}}
[info] >    payment_method_type: undefined, {"user":"  payment_method_type: undefined,","metadata":{"emulator":{"name":"functions"},"function":{"name":"api"},"message":"\u001b[90m> \u001b[39m   payment_method_type: undefined,"}}
[info] >    setup_intent: undefined, {"user":"  setup_intent: undefined,","metadata":{"emulator":{"name":"functions"},"function":{"name":"api"},"message":"\u001b[90m> \u001b[39m   setup_intent: undefined,"}}
[info] >    source: undefined {"user":"  source: undefined","metadata":{"emulator":{"name":"functions"},"function":{"name":"api"},"message":"\u001b[90m> \u001b[39m   source: undefined"}}
[info] >  } {"user":"}","metadata":{"emulator":{"name":"functions"},"function":{"name":"api"},"message":"\u001b[90m> \u001b[39m }"}}
[debug] [2020-12-16T17:45:49.529Z] [worker-api-90e14877-85ac-4193-b8af-c9bf2f6c8caa]: exited {"metadata":{"emulator":{"name":"functions"},"message":"[worker-api-90e14877-85ac-4193-b8af-c9bf2f6c8caa]: exited"}}
[debug] [2020-12-16T17:45:49.530Z] [worker-api-90e14877-85ac-4193-b8af-c9bf2f6c8caa]: FINISHED {"metadata":{"emulator":{"name":"functions"},"message":"[worker-api-90e14877-85ac-4193-b8af-c9bf2f6c8caa]: FINISHED"}}
[debug] [2020-12-16T17:45:49.531Z] [work-queue] {"queueLength":0,"workRunningCount":0}
[debug] [2020-12-16T17:45:55.971Z] [work-queue] {"queueLength":1,"workRunningCount":0}
[debug] [2020-12-16T17:45:55.972Z] [work-queue] {"queueLength":0,"workRunningCount":1}
[debug] [2020-12-16T17:45:55.972Z] Accepted request POST /clone-d3a88/us-central1/api/payments/create?total=32999 --> api
[debug] [2020-12-16T17:45:55.972Z] [worker-pool] Cleaned up workers for api: 1 --> 0 {"metadata":{"emulator":{"name":"functions"},"message":"[worker-pool] Cleaned up workers for api: 1 --> 0"}}
[debug] [2020-12-16T17:45:55.984Z] [worker-pool] addWorker(api) {"metadata":{"emulator":{"name":"functions"},"message":"[worker-pool] addWorker(api)"}}
[debug] [2020-12-16T17:45:55.987Z] [worker-pool] Adding worker with key api, total=1 {"metadata":{"emulator":{"name":"functions"},"message":"[worker-pool] Adding worker with key api, total=1"}}
[debug] [2020-12-16T17:45:55.987Z] [worker-pool] submitWork(triggerId=api) {"metadata":{"emulator":{"name":"functions"},"message":"[worker-pool] submitWork(triggerId=api)"}}
[debug] [2020-12-16T17:45:55.988Z] [worker-api-8f14a4a9-f940-4ea4-b6dd-8742c26067d0]: Assigning socketPath: /var/folders/70/34354_c94td6p0bh5n6jy1c40000gn/T/fire_emu_4202.sock {"metadata":{"emulator":{"name":"functions"},"message":"[worker-api-8f14a4a9-f940-4ea4-b6dd-8742c26067d0]: Assigning socketPath: /var/folders/70/34354_c94td6p0bh5n6jy1c40000gn/T/fire_emu_4202.sock"}}
[debug] [2020-12-16T17:45:55.988Z] [worker-api-8f14a4a9-f940-4ea4-b6dd-8742c26067d0]: BUSY {"metadata":{"emulator":{"name":"functions"},"message":"[worker-api-8f14a4a9-f940-4ea4-b6dd-8742c26067d0]: BUSY"}}
[debug] [2020-12-16T17:45:56.737Z] [runtime-status] [4202] Functions runtime initialized. {"cwd":"/Users/danielgomez/dev/Projects/react/amazon-clone/functions","node_version":"15.3.0"} {"metadata":{"emulator":{"name":"functions"},"function":{"name":"api"},"message":"[runtime-status] [4202] Functions runtime initialized. {\"cwd\":\"/Users/danielgomez/dev/Projects/react/amazon-clone/functions\",\"node_version\":\"15.3.0\"}"}}
[debug] [2020-12-16T17:45:56.766Z] [runtime-status] [4202] Disabled runtime features: undefined {"metadata":{"emulator":{"name":"functions"},"function":{"name":"api"},"message":"[runtime-status] [4202] Disabled runtime features: undefined"}}
[debug] [2020-12-16T17:45:56.789Z] [runtime-status] [4202] Resolved module firebase-admin {"declared":true,"installed":true,"version":"9.4.2","resolution":"/Users/danielgomez/dev/Projects/react/amazon-clone/functions/node_modules/firebase-admin/lib/index.js"} {"metadata":{"emulator":{"name":"functions"},"function":{"name":"api"},"message":"[runtime-status] [4202] Resolved module firebase-admin {\"declared\":true,\"installed\":true,\"version\":\"9.4.2\",\"resolution\":\"/Users/danielgomez/dev/Projects/react/amazon-clone/functions/node_modules/firebase-admin/lib/index.js\"}"}}
[debug] [2020-12-16T17:45:56.792Z] [runtime-status] [4202] Resolved module firebase-functions {"declared":true,"installed":true,"version":"3.13.0","resolution":"/Users/danielgomez/dev/Projects/react/amazon-clone/functions/node_modules/firebase-functions/lib/index.js"} {"metadata":{"emulator":{"name":"functions"},"function":{"name":"api"},"message":"[runtime-status] [4202] Resolved module firebase-functions {\"declared\":true,\"installed\":true,\"version\":\"3.13.0\",\"resolution\":\"/Users/danielgomez/dev/Projects/react/amazon-clone/functions/node_modules/firebase-functions/lib/index.js\"}"}}
[debug] [2020-12-16T17:45:56.795Z] [runtime-status] [4202] Resolved module firebase-functions {"declared":true,"installed":true,"version":"3.13.0","resolution":"/Users/danielgomez/dev/Projects/react/amazon-clone/functions/node_modules/firebase-functions/lib/index.js"} {"metadata":{"emulator":{"name":"functions"},"function":{"name":"api"},"message":"[runtime-status] [4202] Resolved module firebase-functions {\"declared\":true,\"installed\":true,\"version\":\"3.13.0\",\"resolution\":\"/Users/danielgomez/dev/Projects/react/amazon-clone/functions/node_modules/firebase-functions/lib/index.js\"}"}}
[debug] [2020-12-16T17:45:56.800Z] [runtime-status] [4202] Outgoing network have been stubbed. [{"name":"http","status":"mocked"},{"name":"http","status":"mocked"},{"name":"https","status":"mocked"},{"name":"https","status":"mocked"},{"name":"net","status":"mocked"}] {"metadata":{"emulator":{"name":"functions"},"function":{"name":"api"},"message":"[runtime-status] [4202] Outgoing network have been stubbed. [{\"name\":\"http\",\"status\":\"mocked\"},{\"name\":\"http\",\"status\":\"mocked\"},{\"name\":\"https\",\"status\":\"mocked\"},{\"name\":\"https\",\"status\":\"mocked\"},{\"name\":\"net\",\"status\":\"mocked\"}]"}}
[debug] [2020-12-16T17:45:56.801Z] [runtime-status] [4202] Resolved module firebase-functions {"declared":true,"installed":true,"version":"3.13.0","resolution":"/Users/danielgomez/dev/Projects/react/amazon-clone/functions/node_modules/firebase-functions/lib/index.js"} {"metadata":{"emulator":{"name":"functions"},"function":{"name":"api"},"message":"[runtime-status] [4202] Resolved module firebase-functions {\"declared\":true,\"installed\":true,\"version\":\"3.13.0\",\"resolution\":\"/Users/danielgomez/dev/Projects/react/amazon-clone/functions/node_modules/firebase-functions/lib/index.js\"}"}}
[debug] [2020-12-16T17:45:56.894Z] [runtime-status] [4202] Checked functions.config() {"config":{}} {"metadata":{"emulator":{"name":"functions"},"function":{"name":"api"},"message":"[runtime-status] [4202] Checked functions.config() {\"config\":{}}"}}
[debug] [2020-12-16T17:45:56.894Z] [runtime-status] [4202] firebase-functions has been stubbed. {"functionsResolution":{"declared":true,"installed":true,"version":"3.13.0","resolution":"/Users/danielgomez/dev/Projects/react/amazon-clone/functions/node_modules/firebase-functions/lib/index.js"}} {"metadata":{"emulator":{"name":"functions"},"function":{"name":"api"},"message":"[runtime-status] [4202] firebase-functions has been stubbed. {\"functionsResolution\":{\"declared\":true,\"installed\":true,\"version\":\"3.13.0\",\"resolution\":\"/Users/danielgomez/dev/Projects/react/amazon-clone/functions/node_modules/firebase-functions/lib/index.js\"}}"}}
[debug] [2020-12-16T17:45:56.895Z] [runtime-status] [4202] Resolved module firebase-functions {"declared":true,"installed":true,"version":"3.13.0","resolution":"/Users/danielgomez/dev/Projects/react/amazon-clone/functions/node_modules/firebase-functions/lib/index.js"} {"metadata":{"emulator":{"name":"functions"},"function":{"name":"api"},"message":"[runtime-status] [4202] Resolved module firebase-functions {\"declared\":true,\"installed\":true,\"version\":\"3.13.0\",\"resolution\":\"/Users/danielgomez/dev/Projects/react/amazon-clone/functions/node_modules/firebase-functions/lib/index.js\"}"}}
[debug] [2020-12-16T17:45:56.896Z] [runtime-status] [4202] Resolved module firebase-admin {"declared":true,"installed":true,"version":"9.4.2","resolution":"/Users/danielgomez/dev/Projects/react/amazon-clone/functions/node_modules/firebase-admin/lib/index.js"} {"metadata":{"emulator":{"name":"functions"},"function":{"name":"api"},"message":"[runtime-status] [4202] Resolved module firebase-admin {\"declared\":true,\"installed\":true,\"version\":\"9.4.2\",\"resolution\":\"/Users/danielgomez/dev/Projects/react/amazon-clone/functions/node_modules/firebase-admin/lib/index.js\"}"}}
[debug] [2020-12-16T17:45:56.900Z] [runtime-status] [4202] Resolved module firebase-functions {"declared":true,"installed":true,"version":"3.13.0","resolution":"/Users/danielgomez/dev/Projects/react/amazon-clone/functions/node_modules/firebase-functions/lib/index.js"} {"metadata":{"emulator":{"name":"functions"},"function":{"name":"api"},"message":"[runtime-status] [4202] Resolved module firebase-functions {\"declared\":true,\"installed\":true,\"version\":\"3.13.0\",\"resolution\":\"/Users/danielgomez/dev/Projects/react/amazon-clone/functions/node_modules/firebase-functions/lib/index.js\"}"}}
[debug] [2020-12-16T17:45:56.901Z] [runtime-status] [4202] firebase-admin has been stubbed. {"adminResolution":{"declared":true,"installed":true,"version":"9.4.2","resolution":"/Users/danielgomez/dev/Projects/react/amazon-clone/functions/node_modules/firebase-admin/lib/index.js"}} {"metadata":{"emulator":{"name":"functions"},"function":{"name":"api"},"message":"[runtime-status] [4202] firebase-admin has been stubbed. {\"adminResolution\":{\"declared\":true,\"installed\":true,\"version\":\"9.4.2\",\"resolution\":\"/Users/danielgomez/dev/Projects/react/amazon-clone/functions/node_modules/firebase-admin/lib/index.js\"}}"}}
[debug] [2020-12-16T17:45:57.233Z] [runtime-status] [4202] Trigger "api" has been found, beginning invocation! {"metadata":{"emulator":{"name":"functions"},"function":{"name":"api"},"message":"[runtime-status] [4202] Trigger \"api\" has been found, beginning invocation!"}}
[info] i  functions: Beginning execution of "api" {"metadata":{"emulator":{"name":"functions"},"function":{"name":"api"},"message":"Beginning execution of \"api\""}}
[debug] [2020-12-16T17:45:57.234Z] [runtime-status] [4202] triggerDefinition {"httpsTrigger":{},"name":"api","entryPoint":"api"} {"metadata":{"emulator":{"name":"functions"},"function":{"name":"api"},"message":"[runtime-status] [4202] triggerDefinition {\"httpsTrigger\":{},\"name\":\"api\",\"entryPoint\":\"api\"}"}}
[debug] [2020-12-16T17:45:57.234Z] [runtime-status] [4202] Running api in mode HTTPS {"metadata":{"emulator":{"name":"functions"},"function":{"name":"api"},"message":"[runtime-status] [4202] Running api in mode HTTPS"}}
[debug] [2020-12-16T17:45:57.245Z] [runtime-status] [4202] Attempting to listen to socketPath: /var/folders/70/34354_c94td6p0bh5n6jy1c40000gn/T/fire_emu_4202.sock {"metadata":{"emulator":{"name":"functions"},"function":{"name":"api"},"message":"[runtime-status] [4202] Attempting to listen to socketPath: /var/folders/70/34354_c94td6p0bh5n6jy1c40000gn/T/fire_emu_4202.sock"}}
[debug] [2020-12-16T17:45:57.251Z] [functions] Runtime ready! Sending request! {"metadata":{"emulator":{"name":"functions"},"message":"[functions] Runtime ready! Sending request!"}}
[debug] [2020-12-16T17:45:57.279Z] [runtime-status] [4202] Ephemeral server handling POST request {"metadata":{"emulator":{"name":"functions"},"function":{"name":"api"},"message":"[runtime-status] [4202] Ephemeral server handling POST request"}}
[info] >  Payment request recieved Boom!! for this amount >>> 32999 {"user":"Payment request recieved Boom!! for this amount >>> 32999","metadata":{"emulator":{"name":"functions"},"function":{"name":"api"},"message":"\u001b[90m> \u001b[39m Payment request recieved Boom!! for this amount >>> 32999"}}
[debug] [2020-12-16T17:45:57.319Z] [runtime-status] [4202] Ephemeral server survived. {"metadata":{"emulator":{"name":"functions"},"function":{"name":"api"},"message":"[runtime-status] [4202] Ephemeral server survived."}}
[info] i  functions: Finished "api" in ~1s {"metadata":{"emulator":{"name":"functions"},"function":{"name":"api"},"message":"Finished \"api\" in ~1s"}}
[debug] [2020-12-16T17:45:57.662Z] [worker-api-8f14a4a9-f940-4ea4-b6dd-8742c26067d0]: IDLE {"metadata":{"emulator":{"name":"functions"},"message":"[worker-api-8f14a4a9-f940-4ea4-b6dd-8742c26067d0]: IDLE"}}
[debug] [2020-12-16T17:45:57.662Z] [work-queue] {"queueLength":0,"workRunningCount":0}
[debug] [2020-12-16T17:49:38.151Z] [work-queue] {"queueLength":1,"workRunningCount":0}
[debug] [2020-12-16T17:49:38.151Z] [work-queue] {"queueLength":0,"workRunningCount":1}
[debug] [2020-12-16T17:49:38.152Z] Accepted request POST /clone-d3a88/us-central1/api/payments/create?total=32999 --> api
[debug] [2020-12-16T17:49:38.152Z] [worker-pool] submitWork(triggerId=api) {"metadata":{"emulator":{"name":"functions"},"message":"[worker-pool] submitWork(triggerId=api)"}}
[debug] [2020-12-16T17:49:38.152Z] [worker-api-8f14a4a9-f940-4ea4-b6dd-8742c26067d0]: Assigning socketPath: /var/folders/70/34354_c94td6p0bh5n6jy1c40000gn/T/fire_emu_4202.sock {"metadata":{"emulator":{"name":"functions"},"message":"[worker-api-8f14a4a9-f940-4ea4-b6dd-8742c26067d0]: Assigning socketPath: /var/folders/70/34354_c94td6p0bh5n6jy1c40000gn/T/fire_emu_4202.sock"}}
[debug] [2020-12-16T17:49:38.153Z] [worker-api-8f14a4a9-f940-4ea4-b6dd-8742c26067d0]: BUSY {"metadata":{"emulator":{"name":"functions"},"message":"[worker-api-8f14a4a9-f940-4ea4-b6dd-8742c26067d0]: BUSY"}}
[debug] [2020-12-16T17:49:38.154Z] [runtime-status] [4202] Trigger "api" has been found, beginning invocation! {"metadata":{"emulator":{"name":"functions"},"function":{"name":"api"},"message":"[runtime-status] [4202] Trigger \"api\" has been found, beginning invocation!"}}
[info] i  functions: Beginning execution of "api" {"metadata":{"emulator":{"name":"functions"},"function":{"name":"api"},"message":"Beginning execution of \"api\""}}
[debug] [2020-12-16T17:49:38.156Z] [runtime-status] [4202] triggerDefinition {"httpsTrigger":{},"name":"api","entryPoint":"api"} {"metadata":{"emulator":{"name":"functions"},"function":{"name":"api"},"message":"[runtime-status] [4202] triggerDefinition {\"httpsTrigger\":{},\"name\":\"api\",\"entryPoint\":\"api\"}"}}
[debug] [2020-12-16T17:49:38.156Z] [runtime-status] [4202] Running api in mode HTTPS {"metadata":{"emulator":{"name":"functions"},"function":{"name":"api"},"message":"[runtime-status] [4202] Running api in mode HTTPS"}}
[debug] [2020-12-16T17:49:38.157Z] [runtime-status] [4202] Attempting to listen to socketPath: /var/folders/70/34354_c94td6p0bh5n6jy1c40000gn/T/fire_emu_4202.sock {"metadata":{"emulator":{"name":"functions"},"function":{"name":"api"},"message":"[runtime-status] [4202] Attempting to listen to socketPath: /var/folders/70/34354_c94td6p0bh5n6jy1c40000gn/T/fire_emu_4202.sock"}}
[debug] [2020-12-16T17:49:38.160Z] [functions] Runtime ready! Sending request! {"metadata":{"emulator":{"name":"functions"},"message":"[functions] Runtime ready! Sending request!"}}
[debug] [2020-12-16T17:49:38.218Z] [runtime-status] [4202] Ephemeral server handling POST request {"metadata":{"emulator":{"name":"functions"},"function":{"name":"api"},"message":"[runtime-status] [4202] Ephemeral server handling POST request"}}
[debug] [2020-12-16T17:49:38.218Z] [runtime-status] [4202] Ephemeral server survived. {"metadata":{"emulator":{"name":"functions"},"function":{"name":"api"},"message":"[runtime-status] [4202] Ephemeral server survived."}}
[info] >  Payment request recieved Boom!! for this amount >>> 32999 {"user":"Payment request recieved Boom!! for this amount >>> 32999","metadata":{"emulator":{"name":"functions"},"function":{"name":"api"},"message":"\u001b[90m> \u001b[39m Payment request recieved Boom!! for this amount >>> 32999"}}
[info] i  functions: Finished "api" in ~1s {"metadata":{"emulator":{"name":"functions"},"function":{"name":"api"},"message":"Finished \"api\" in ~1s"}}
[debug] [2020-12-16T17:49:38.523Z] [worker-api-8f14a4a9-f940-4ea4-b6dd-8742c26067d0]: IDLE {"metadata":{"emulator":{"name":"functions"},"message":"[worker-api-8f14a4a9-f940-4ea4-b6dd-8742c26067d0]: IDLE"}}
[debug] [2020-12-16T17:49:38.523Z] [work-queue] {"queueLength":0,"workRunningCount":0}
[debug] [2020-12-16T17:51:40.539Z] [work-queue] {"queueLength":1,"workRunningCount":0}
[debug] [2020-12-16T17:51:40.540Z] [work-queue] {"queueLength":0,"workRunningCount":1}
[debug] [2020-12-16T17:51:40.541Z] Accepted request POST /clone-d3a88/us-central1/api/payments/create?total=32999 --> api
[debug] [2020-12-16T17:51:40.541Z] [worker-pool] submitWork(triggerId=api) {"metadata":{"emulator":{"name":"functions"},"message":"[worker-pool] submitWork(triggerId=api)"}}
[debug] [2020-12-16T17:51:40.542Z] [worker-api-8f14a4a9-f940-4ea4-b6dd-8742c26067d0]: Assigning socketPath: /var/folders/70/34354_c94td6p0bh5n6jy1c40000gn/T/fire_emu_4202.sock {"metadata":{"emulator":{"name":"functions"},"message":"[worker-api-8f14a4a9-f940-4ea4-b6dd-8742c26067d0]: Assigning socketPath: /var/folders/70/34354_c94td6p0bh5n6jy1c40000gn/T/fire_emu_4202.sock"}}
[debug] [2020-12-16T17:51:40.542Z] [worker-api-8f14a4a9-f940-4ea4-b6dd-8742c26067d0]: BUSY {"metadata":{"emulator":{"name":"functions"},"message":"[worker-api-8f14a4a9-f940-4ea4-b6dd-8742c26067d0]: BUSY"}}
[debug] [2020-12-16T17:51:40.544Z] [runtime-status] [4202] Trigger "api" has been found, beginning invocation! {"metadata":{"emulator":{"name":"functions"},"function":{"name":"api"},"message":"[runtime-status] [4202] Trigger \"api\" has been found, beginning invocation!"}}
[info] i  functions: Beginning execution of "api" {"metadata":{"emulator":{"name":"functions"},"function":{"name":"api"},"message":"Beginning execution of \"api\""}}
[debug] [2020-12-16T17:51:40.546Z] [runtime-status] [4202] triggerDefinition {"httpsTrigger":{},"name":"api","entryPoint":"api"} {"metadata":{"emulator":{"name":"functions"},"function":{"name":"api"},"message":"[runtime-status] [4202] triggerDefinition {\"httpsTrigger\":{},\"name\":\"api\",\"entryPoint\":\"api\"}"}}
[debug] [2020-12-16T17:51:40.546Z] [runtime-status] [4202] Running api in mode HTTPS {"metadata":{"emulator":{"name":"functions"},"function":{"name":"api"},"message":"[runtime-status] [4202] Running api in mode HTTPS"}}
[debug] [2020-12-16T17:51:40.547Z] [runtime-status] [4202] Attempting to listen to socketPath: /var/folders/70/34354_c94td6p0bh5n6jy1c40000gn/T/fire_emu_4202.sock {"metadata":{"emulator":{"name":"functions"},"function":{"name":"api"},"message":"[runtime-status] [4202] Attempting to listen to socketPath: /var/folders/70/34354_c94td6p0bh5n6jy1c40000gn/T/fire_emu_4202.sock"}}
[debug] [2020-12-16T17:51:40.549Z] [functions] Runtime ready! Sending request! {"metadata":{"emulator":{"name":"functions"},"message":"[functions] Runtime ready! Sending request!"}}
[debug] [2020-12-16T17:51:40.563Z] [runtime-status] [4202] Ephemeral server handling POST request {"metadata":{"emulator":{"name":"functions"},"function":{"name":"api"},"message":"[runtime-status] [4202] Ephemeral server handling POST request"}}
[debug] [2020-12-16T17:51:40.564Z] [runtime-status] [4202] Ephemeral server survived. {"metadata":{"emulator":{"name":"functions"},"function":{"name":"api"},"message":"[runtime-status] [4202] Ephemeral server survived."}}
[info] >  Payment request recieved Boom!! for this amount >>> 32999 {"user":"Payment request recieved Boom!! for this amount >>> 32999","metadata":{"emulator":{"name":"functions"},"function":{"name":"api"},"message":"\u001b[90m> \u001b[39m Payment request recieved Boom!! for this amount >>> 32999"}}
[info] i  functions: Finished "api" in ~1s {"metadata":{"emulator":{"name":"functions"},"function":{"name":"api"},"message":"Finished \"api\" in ~1s"}}
[debug] [2020-12-16T17:51:40.961Z] [worker-api-8f14a4a9-f940-4ea4-b6dd-8742c26067d0]: IDLE {"metadata":{"emulator":{"name":"functions"},"message":"[worker-api-8f14a4a9-f940-4ea4-b6dd-8742c26067d0]: IDLE"}}
[debug] [2020-12-16T17:51:40.962Z] [work-queue] {"queueLength":0,"workRunningCount":0}
[debug] [2020-12-16T18:42:11.892Z] File /Users/danielgomez/dev/Projects/react/amazon-clone/functions/index.js changed, reloading triggers {"metadata":{"emulator":{"name":"functions"},"message":"File /Users/danielgomez/dev/Projects/react/amazon-clone/functions/index.js changed, reloading triggers"}}
[debug] [2020-12-16T18:42:12.898Z] [worker-pool] Shutting down IDLE worker (~diagnostic~) {"metadata":{"emulator":{"name":"functions"},"message":"[worker-pool] Shutting down IDLE worker (~diagnostic~)"}}
[debug] [2020-12-16T18:42:12.898Z] [worker-~diagnostic~-f954e7bb-3e20-4acc-98c7-3b03e6ad794a]: FINISHING {"metadata":{"emulator":{"name":"functions"},"message":"[worker-~diagnostic~-f954e7bb-3e20-4acc-98c7-3b03e6ad794a]: FINISHING"}}
[debug] [2020-12-16T18:42:12.899Z] [worker-pool] Shutting down IDLE worker (api) {"metadata":{"emulator":{"name":"functions"},"message":"[worker-pool] Shutting down IDLE worker (api)"}}
[debug] [2020-12-16T18:42:12.899Z] [worker-api-8f14a4a9-f940-4ea4-b6dd-8742c26067d0]: FINISHING {"metadata":{"emulator":{"name":"functions"},"message":"[worker-api-8f14a4a9-f940-4ea4-b6dd-8742c26067d0]: FINISHING"}}
[debug] [2020-12-16T18:42:12.916Z] [worker-pool] addWorker(~diagnostic~) {"metadata":{"emulator":{"name":"functions"},"message":"[worker-pool] addWorker(~diagnostic~)"}}
[debug] [2020-12-16T18:42:12.916Z] [worker-pool] Adding worker with key ~diagnostic~, total=2 {"metadata":{"emulator":{"name":"functions"},"message":"[worker-pool] Adding worker with key ~diagnostic~, total=2"}}
[debug] [2020-12-16T18:42:12.917Z] [worker-pool] submitWork(triggerId=) {"metadata":{"emulator":{"name":"functions"},"message":"[worker-pool] submitWork(triggerId=)"}}
[debug] [2020-12-16T18:42:12.917Z] [worker-~diagnostic~-42e9c9d5-e3b4-4c00-a589-b19f6803df92]: Assigning socketPath: /var/folders/70/34354_c94td6p0bh5n6jy1c40000gn/T/fire_emu_5661.sock {"metadata":{"emulator":{"name":"functions"},"message":"[worker-~diagnostic~-42e9c9d5-e3b4-4c00-a589-b19f6803df92]: Assigning socketPath: /var/folders/70/34354_c94td6p0bh5n6jy1c40000gn/T/fire_emu_5661.sock"}}
[debug] [2020-12-16T18:42:12.917Z] [worker-~diagnostic~-42e9c9d5-e3b4-4c00-a589-b19f6803df92]: BUSY {"metadata":{"emulator":{"name":"functions"},"message":"[worker-~diagnostic~-42e9c9d5-e3b4-4c00-a589-b19f6803df92]: BUSY"}}
[debug] [2020-12-16T18:42:12.920Z] [worker-~diagnostic~-f954e7bb-3e20-4acc-98c7-3b03e6ad794a]: exited {"metadata":{"emulator":{"name":"functions"},"message":"[worker-~diagnostic~-f954e7bb-3e20-4acc-98c7-3b03e6ad794a]: exited"}}
[debug] [2020-12-16T18:42:12.921Z] [worker-~diagnostic~-f954e7bb-3e20-4acc-98c7-3b03e6ad794a]: FINISHED {"metadata":{"emulator":{"name":"functions"},"message":"[worker-~diagnostic~-f954e7bb-3e20-4acc-98c7-3b03e6ad794a]: FINISHED"}}
[debug] [2020-12-16T18:42:12.921Z] [worker-api-8f14a4a9-f940-4ea4-b6dd-8742c26067d0]: exited {"metadata":{"emulator":{"name":"functions"},"message":"[worker-api-8f14a4a9-f940-4ea4-b6dd-8742c26067d0]: exited"}}
[debug] [2020-12-16T18:42:12.921Z] [worker-api-8f14a4a9-f940-4ea4-b6dd-8742c26067d0]: FINISHED {"metadata":{"emulator":{"name":"functions"},"message":"[worker-api-8f14a4a9-f940-4ea4-b6dd-8742c26067d0]: FINISHED"}}
[debug] [2020-12-16T18:42:13.914Z] [runtime-status] [5661] Functions runtime initialized. {"cwd":"/Users/danielgomez/dev/Projects/react/amazon-clone/functions","node_version":"15.3.0"} {"metadata":{"emulator":{"name":"functions"},"message":"[runtime-status] [5661] Functions runtime initialized. {\"cwd\":\"/Users/danielgomez/dev/Projects/react/amazon-clone/functions\",\"node_version\":\"15.3.0\"}"}}
[debug] [2020-12-16T18:42:13.922Z] [runtime-status] [5661] Disabled runtime features: undefined {"metadata":{"emulator":{"name":"functions"},"message":"[runtime-status] [5661] Disabled runtime features: undefined"}}
[debug] [2020-12-16T18:42:13.928Z] [runtime-status] [5661] Resolved module firebase-admin {"declared":true,"installed":true,"version":"9.4.2","resolution":"/Users/danielgomez/dev/Projects/react/amazon-clone/functions/node_modules/firebase-admin/lib/index.js"} {"metadata":{"emulator":{"name":"functions"},"message":"[runtime-status] [5661] Resolved module firebase-admin {\"declared\":true,\"installed\":true,\"version\":\"9.4.2\",\"resolution\":\"/Users/danielgomez/dev/Projects/react/amazon-clone/functions/node_modules/firebase-admin/lib/index.js\"}"}}
[debug] [2020-12-16T18:42:13.930Z] [runtime-status] [5661] Resolved module firebase-functions {"declared":true,"installed":true,"version":"3.13.0","resolution":"/Users/danielgomez/dev/Projects/react/amazon-clone/functions/node_modules/firebase-functions/lib/index.js"} {"metadata":{"emulator":{"name":"functions"},"message":"[runtime-status] [5661] Resolved module firebase-functions {\"declared\":true,\"installed\":true,\"version\":\"3.13.0\",\"resolution\":\"/Users/danielgomez/dev/Projects/react/amazon-clone/functions/node_modules/firebase-functions/lib/index.js\"}"}}
[debug] [2020-12-16T18:42:13.936Z] [runtime-status] [5661] Resolved module firebase-functions {"declared":true,"installed":true,"version":"3.13.0","resolution":"/Users/danielgomez/dev/Projects/react/amazon-clone/functions/node_modules/firebase-functions/lib/index.js"} {"metadata":{"emulator":{"name":"functions"},"message":"[runtime-status] [5661] Resolved module firebase-functions {\"declared\":true,\"installed\":true,\"version\":\"3.13.0\",\"resolution\":\"/Users/danielgomez/dev/Projects/react/amazon-clone/functions/node_modules/firebase-functions/lib/index.js\"}"}}
[debug] [2020-12-16T18:42:13.942Z] [runtime-status] [5661] Outgoing network have been stubbed. [{"name":"http","status":"mocked"},{"name":"http","status":"mocked"},{"name":"https","status":"mocked"},{"name":"https","status":"mocked"},{"name":"net","status":"mocked"}] {"metadata":{"emulator":{"name":"functions"},"message":"[runtime-status] [5661] Outgoing network have been stubbed. [{\"name\":\"http\",\"status\":\"mocked\"},{\"name\":\"http\",\"status\":\"mocked\"},{\"name\":\"https\",\"status\":\"mocked\"},{\"name\":\"https\",\"status\":\"mocked\"},{\"name\":\"net\",\"status\":\"mocked\"}]"}}
[debug] [2020-12-16T18:42:13.944Z] [runtime-status] [5661] Resolved module firebase-functions {"declared":true,"installed":true,"version":"3.13.0","resolution":"/Users/danielgomez/dev/Projects/react/amazon-clone/functions/node_modules/firebase-functions/lib/index.js"} {"metadata":{"emulator":{"name":"functions"},"message":"[runtime-status] [5661] Resolved module firebase-functions {\"declared\":true,\"installed\":true,\"version\":\"3.13.0\",\"resolution\":\"/Users/danielgomez/dev/Projects/react/amazon-clone/functions/node_modules/firebase-functions/lib/index.js\"}"}}
[debug] [2020-12-16T18:42:14.088Z] [runtime-status] [5661] Checked functions.config() {"config":{}} {"metadata":{"emulator":{"name":"functions"},"message":"[runtime-status] [5661] Checked functions.config() {\"config\":{}}"}}
[debug] [2020-12-16T18:42:14.089Z] [runtime-status] [5661] firebase-functions has been stubbed. {"functionsResolution":{"declared":true,"installed":true,"version":"3.13.0","resolution":"/Users/danielgomez/dev/Projects/react/amazon-clone/functions/node_modules/firebase-functions/lib/index.js"}} {"metadata":{"emulator":{"name":"functions"},"message":"[runtime-status] [5661] firebase-functions has been stubbed. {\"functionsResolution\":{\"declared\":true,\"installed\":true,\"version\":\"3.13.0\",\"resolution\":\"/Users/danielgomez/dev/Projects/react/amazon-clone/functions/node_modules/firebase-functions/lib/index.js\"}}"}}
[debug] [2020-12-16T18:42:14.090Z] [runtime-status] [5661] Resolved module firebase-functions {"declared":true,"installed":true,"version":"3.13.0","resolution":"/Users/danielgomez/dev/Projects/react/amazon-clone/functions/node_modules/firebase-functions/lib/index.js"} {"metadata":{"emulator":{"name":"functions"},"message":"[runtime-status] [5661] Resolved module firebase-functions {\"declared\":true,\"installed\":true,\"version\":\"3.13.0\",\"resolution\":\"/Users/danielgomez/dev/Projects/react/amazon-clone/functions/node_modules/firebase-functions/lib/index.js\"}"}}
[debug] [2020-12-16T18:42:14.092Z] [runtime-status] [5661] Resolved module firebase-admin {"declared":true,"installed":true,"version":"9.4.2","resolution":"/Users/danielgomez/dev/Projects/react/amazon-clone/functions/node_modules/firebase-admin/lib/index.js"} {"metadata":{"emulator":{"name":"functions"},"message":"[runtime-status] [5661] Resolved module firebase-admin {\"declared\":true,\"installed\":true,\"version\":\"9.4.2\",\"resolution\":\"/Users/danielgomez/dev/Projects/react/amazon-clone/functions/node_modules/firebase-admin/lib/index.js\"}"}}
[debug] [2020-12-16T18:42:14.095Z] [runtime-status] [5661] Resolved module firebase-functions {"declared":true,"installed":true,"version":"3.13.0","resolution":"/Users/danielgomez/dev/Projects/react/amazon-clone/functions/node_modules/firebase-functions/lib/index.js"} {"metadata":{"emulator":{"name":"functions"},"message":"[runtime-status] [5661] Resolved module firebase-functions {\"declared\":true,\"installed\":true,\"version\":\"3.13.0\",\"resolution\":\"/Users/danielgomez/dev/Projects/react/amazon-clone/functions/node_modules/firebase-functions/lib/index.js\"}"}}
[debug] [2020-12-16T18:42:14.096Z] [runtime-status] [5661] firebase-admin has been stubbed. {"adminResolution":{"declared":true,"installed":true,"version":"9.4.2","resolution":"/Users/danielgomez/dev/Projects/react/amazon-clone/functions/node_modules/firebase-admin/lib/index.js"}} {"metadata":{"emulator":{"name":"functions"},"message":"[runtime-status] [5661] firebase-admin has been stubbed. {\"adminResolution\":{\"declared\":true,\"installed\":true,\"version\":\"9.4.2\",\"resolution\":\"/Users/danielgomez/dev/Projects/react/amazon-clone/functions/node_modules/firebase-admin/lib/index.js\"}}"}}
[debug] [2020-12-16T18:42:14.479Z] [worker-~diagnostic~-42e9c9d5-e3b4-4c00-a589-b19f6803df92]: IDLE {"metadata":{"emulator":{"name":"functions"},"message":"[worker-~diagnostic~-42e9c9d5-e3b4-4c00-a589-b19f6803df92]: IDLE"}}
[debug] [2020-12-16T19:08:19.703Z] [work-queue] {"queueLength":1,"workRunningCount":0}
[debug] [2020-12-16T19:08:19.704Z] [work-queue] {"queueLength":0,"workRunningCount":1}
[debug] [2020-12-16T19:08:19.704Z] Accepted request POST /clone-d3a88/us-central1/api/payments/create?total=32999 --> api
[debug] [2020-12-16T19:08:19.705Z] [worker-pool] Cleaned up workers for ~diagnostic~: 2 --> 1 {"metadata":{"emulator":{"name":"functions"},"message":"[worker-pool] Cleaned up workers for ~diagnostic~: 2 --> 1"}}
[debug] [2020-12-16T19:08:19.705Z] [worker-pool] Cleaned up workers for api: 1 --> 0 {"metadata":{"emulator":{"name":"functions"},"message":"[worker-pool] Cleaned up workers for api: 1 --> 0"}}
[debug] [2020-12-16T19:08:19.716Z] [worker-pool] addWorker(api) {"metadata":{"emulator":{"name":"functions"},"message":"[worker-pool] addWorker(api)"}}
[debug] [2020-12-16T19:08:19.717Z] [worker-pool] Adding worker with key api, total=1 {"metadata":{"emulator":{"name":"functions"},"message":"[worker-pool] Adding worker with key api, total=1"}}
[debug] [2020-12-16T19:08:19.718Z] [worker-pool] submitWork(triggerId=api) {"metadata":{"emulator":{"name":"functions"},"message":"[worker-pool] submitWork(triggerId=api)"}}
[debug] [2020-12-16T19:08:19.718Z] [worker-api-97862077-3dc1-4097-99ed-955460e7f475]: Assigning socketPath: /var/folders/70/34354_c94td6p0bh5n6jy1c40000gn/T/fire_emu_6275.sock {"metadata":{"emulator":{"name":"functions"},"message":"[worker-api-97862077-3dc1-4097-99ed-955460e7f475]: Assigning socketPath: /var/folders/70/34354_c94td6p0bh5n6jy1c40000gn/T/fire_emu_6275.sock"}}
[debug] [2020-12-16T19:08:19.719Z] [worker-api-97862077-3dc1-4097-99ed-955460e7f475]: BUSY {"metadata":{"emulator":{"name":"functions"},"message":"[worker-api-97862077-3dc1-4097-99ed-955460e7f475]: BUSY"}}
[debug] [2020-12-16T19:08:20.749Z] [runtime-status] [6275] Functions runtime initialized. {"cwd":"/Users/danielgomez/dev/Projects/react/amazon-clone/functions","node_version":"15.3.0"} {"metadata":{"emulator":{"name":"functions"},"function":{"name":"api"},"message":"[runtime-status] [6275] Functions runtime initialized. {\"cwd\":\"/Users/danielgomez/dev/Projects/react/amazon-clone/functions\",\"node_version\":\"15.3.0\"}"}}
[debug] [2020-12-16T19:08:20.758Z] [runtime-status] [6275] Disabled runtime features: undefined {"metadata":{"emulator":{"name":"functions"},"function":{"name":"api"},"message":"[runtime-status] [6275] Disabled runtime features: undefined"}}
[debug] [2020-12-16T19:08:20.766Z] [runtime-status] [6275] Resolved module firebase-admin {"declared":true,"installed":true,"version":"9.4.2","resolution":"/Users/danielgomez/dev/Projects/react/amazon-clone/functions/node_modules/firebase-admin/lib/index.js"} {"metadata":{"emulator":{"name":"functions"},"function":{"name":"api"},"message":"[runtime-status] [6275] Resolved module firebase-admin {\"declared\":true,\"installed\":true,\"version\":\"9.4.2\",\"resolution\":\"/Users/danielgomez/dev/Projects/react/amazon-clone/functions/node_modules/firebase-admin/lib/index.js\"}"}}
[debug] [2020-12-16T19:08:20.775Z] [runtime-status] [6275] Resolved module firebase-functions {"declared":true,"installed":true,"version":"3.13.0","resolution":"/Users/danielgomez/dev/Projects/react/amazon-clone/functions/node_modules/firebase-functions/lib/index.js"} {"metadata":{"emulator":{"name":"functions"},"function":{"name":"api"},"message":"[runtime-status] [6275] Resolved module firebase-functions {\"declared\":true,\"installed\":true,\"version\":\"3.13.0\",\"resolution\":\"/Users/danielgomez/dev/Projects/react/amazon-clone/functions/node_modules/firebase-functions/lib/index.js\"}"}}
[debug] [2020-12-16T19:08:20.785Z] [runtime-status] [6275] Resolved module firebase-functions {"declared":true,"installed":true,"version":"3.13.0","resolution":"/Users/danielgomez/dev/Projects/react/amazon-clone/functions/node_modules/firebase-functions/lib/index.js"} {"metadata":{"emulator":{"name":"functions"},"function":{"name":"api"},"message":"[runtime-status] [6275] Resolved module firebase-functions {\"declared\":true,\"installed\":true,\"version\":\"3.13.0\",\"resolution\":\"/Users/danielgomez/dev/Projects/react/amazon-clone/functions/node_modules/firebase-functions/lib/index.js\"}"}}
[debug] [2020-12-16T19:08:20.792Z] [runtime-status] [6275] Outgoing network have been stubbed. [{"name":"http","status":"mocked"},{"name":"http","status":"mocked"},{"name":"https","status":"mocked"},{"name":"https","status":"mocked"},{"name":"net","status":"mocked"}] {"metadata":{"emulator":{"name":"functions"},"function":{"name":"api"},"message":"[runtime-status] [6275] Outgoing network have been stubbed. [{\"name\":\"http\",\"status\":\"mocked\"},{\"name\":\"http\",\"status\":\"mocked\"},{\"name\":\"https\",\"status\":\"mocked\"},{\"name\":\"https\",\"status\":\"mocked\"},{\"name\":\"net\",\"status\":\"mocked\"}]"}}
[debug] [2020-12-16T19:08:20.793Z] [runtime-status] [6275] Resolved module firebase-functions {"declared":true,"installed":true,"version":"3.13.0","resolution":"/Users/danielgomez/dev/Projects/react/amazon-clone/functions/node_modules/firebase-functions/lib/index.js"} {"metadata":{"emulator":{"name":"functions"},"function":{"name":"api"},"message":"[runtime-status] [6275] Resolved module firebase-functions {\"declared\":true,\"installed\":true,\"version\":\"3.13.0\",\"resolution\":\"/Users/danielgomez/dev/Projects/react/amazon-clone/functions/node_modules/firebase-functions/lib/index.js\"}"}}
[debug] [2020-12-16T19:08:20.927Z] [runtime-status] [6275] Checked functions.config() {"config":{}} {"metadata":{"emulator":{"name":"functions"},"function":{"name":"api"},"message":"[runtime-status] [6275] Checked functions.config() {\"config\":{}}"}}
[debug] [2020-12-16T19:08:20.927Z] [runtime-status] [6275] firebase-functions has been stubbed. {"functionsResolution":{"declared":true,"installed":true,"version":"3.13.0","resolution":"/Users/danielgomez/dev/Projects/react/amazon-clone/functions/node_modules/firebase-functions/lib/index.js"}} {"metadata":{"emulator":{"name":"functions"},"function":{"name":"api"},"message":"[runtime-status] [6275] firebase-functions has been stubbed. {\"functionsResolution\":{\"declared\":true,\"installed\":true,\"version\":\"3.13.0\",\"resolution\":\"/Users/danielgomez/dev/Projects/react/amazon-clone/functions/node_modules/firebase-functions/lib/index.js\"}}"}}
[debug] [2020-12-16T19:08:20.928Z] [runtime-status] [6275] Resolved module firebase-functions {"declared":true,"installed":true,"version":"3.13.0","resolution":"/Users/danielgomez/dev/Projects/react/amazon-clone/functions/node_modules/firebase-functions/lib/index.js"} {"metadata":{"emulator":{"name":"functions"},"function":{"name":"api"},"message":"[runtime-status] [6275] Resolved module firebase-functions {\"declared\":true,\"installed\":true,\"version\":\"3.13.0\",\"resolution\":\"/Users/danielgomez/dev/Projects/react/amazon-clone/functions/node_modules/firebase-functions/lib/index.js\"}"}}
[debug] [2020-12-16T19:08:20.929Z] [runtime-status] [6275] Resolved module firebase-admin {"declared":true,"installed":true,"version":"9.4.2","resolution":"/Users/danielgomez/dev/Projects/react/amazon-clone/functions/node_modules/firebase-admin/lib/index.js"} {"metadata":{"emulator":{"name":"functions"},"function":{"name":"api"},"message":"[runtime-status] [6275] Resolved module firebase-admin {\"declared\":true,\"installed\":true,\"version\":\"9.4.2\",\"resolution\":\"/Users/danielgomez/dev/Projects/react/amazon-clone/functions/node_modules/firebase-admin/lib/index.js\"}"}}
[debug] [2020-12-16T19:08:20.930Z] [runtime-status] [6275] Resolved module firebase-functions {"declared":true,"installed":true,"version":"3.13.0","resolution":"/Users/danielgomez/dev/Projects/react/amazon-clone/functions/node_modules/firebase-functions/lib/index.js"} {"metadata":{"emulator":{"name":"functions"},"function":{"name":"api"},"message":"[runtime-status] [6275] Resolved module firebase-functions {\"declared\":true,\"installed\":true,\"version\":\"3.13.0\",\"resolution\":\"/Users/danielgomez/dev/Projects/react/amazon-clone/functions/node_modules/firebase-functions/lib/index.js\"}"}}
[debug] [2020-12-16T19:08:20.931Z] [runtime-status] [6275] firebase-admin has been stubbed. {"adminResolution":{"declared":true,"installed":true,"version":"9.4.2","resolution":"/Users/danielgomez/dev/Projects/react/amazon-clone/functions/node_modules/firebase-admin/lib/index.js"}} {"metadata":{"emulator":{"name":"functions"},"function":{"name":"api"},"message":"[runtime-status] [6275] firebase-admin has been stubbed. {\"adminResolution\":{\"declared\":true,\"installed\":true,\"version\":\"9.4.2\",\"resolution\":\"/Users/danielgomez/dev/Projects/react/amazon-clone/functions/node_modules/firebase-admin/lib/index.js\"}}"}}
[debug] [2020-12-16T19:08:21.291Z] [runtime-status] [6275] Trigger "api" has been found, beginning invocation! {"metadata":{"emulator":{"name":"functions"},"function":{"name":"api"},"message":"[runtime-status] [6275] Trigger \"api\" has been found, beginning invocation!"}}
[info] i  functions: Beginning execution of "api" {"metadata":{"emulator":{"name":"functions"},"function":{"name":"api"},"message":"Beginning execution of \"api\""}}
[debug] [2020-12-16T19:08:21.294Z] [runtime-status] [6275] triggerDefinition {"httpsTrigger":{},"name":"api","entryPoint":"api"} {"metadata":{"emulator":{"name":"functions"},"function":{"name":"api"},"message":"[runtime-status] [6275] triggerDefinition {\"httpsTrigger\":{},\"name\":\"api\",\"entryPoint\":\"api\"}"}}
[debug] [2020-12-16T19:08:21.294Z] [runtime-status] [6275] Running api in mode HTTPS {"metadata":{"emulator":{"name":"functions"},"function":{"name":"api"},"message":"[runtime-status] [6275] Running api in mode HTTPS"}}
[debug] [2020-12-16T19:08:21.303Z] [runtime-status] [6275] Attempting to listen to socketPath: /var/folders/70/34354_c94td6p0bh5n6jy1c40000gn/T/fire_emu_6275.sock {"metadata":{"emulator":{"name":"functions"},"function":{"name":"api"},"message":"[runtime-status] [6275] Attempting to listen to socketPath: /var/folders/70/34354_c94td6p0bh5n6jy1c40000gn/T/fire_emu_6275.sock"}}
[debug] [2020-12-16T19:08:21.310Z] [functions] Runtime ready! Sending request! {"metadata":{"emulator":{"name":"functions"},"message":"[functions] Runtime ready! Sending request!"}}
[debug] [2020-12-16T19:08:21.333Z] [runtime-status] [6275] Ephemeral server handling POST request {"metadata":{"emulator":{"name":"functions"},"function":{"name":"api"},"message":"[runtime-status] [6275] Ephemeral server handling POST request"}}
[info] >  Payment request recieved Boom!! for this amount >>> 32999 {"user":"Payment request recieved Boom!! for this amount >>> 32999","metadata":{"emulator":{"name":"functions"},"function":{"name":"api"},"message":"\u001b[90m> \u001b[39m Payment request recieved Boom!! for this amount >>> 32999"}}
[debug] [2020-12-16T19:08:21.362Z] [runtime-status] [6275] Ephemeral server survived. {"metadata":{"emulator":{"name":"functions"},"function":{"name":"api"},"message":"[runtime-status] [6275] Ephemeral server survived."}}
[info] i  functions: Finished "api" in ~1s {"metadata":{"emulator":{"name":"functions"},"function":{"name":"api"},"message":"Finished \"api\" in ~1s"}}
[debug] [2020-12-16T19:08:21.716Z] [worker-api-97862077-3dc1-4097-99ed-955460e7f475]: IDLE {"metadata":{"emulator":{"name":"functions"},"message":"[worker-api-97862077-3dc1-4097-99ed-955460e7f475]: IDLE"}}
[debug] [2020-12-16T19:08:21.717Z] [work-queue] {"queueLength":0,"workRunningCount":0}
[debug] [2020-12-16T19:29:38.447Z] [work-queue] {"queueLength":1,"workRunningCount":0}
[debug] [2020-12-16T19:29:38.451Z] [work-queue] {"queueLength":0,"workRunningCount":1}
[debug] [2020-12-16T19:29:38.452Z] Accepted request POST /clone-d3a88/us-central1/api/payments/create?total=65998 --> api
[debug] [2020-12-16T19:29:38.453Z] [worker-pool] submitWork(triggerId=api) {"metadata":{"emulator":{"name":"functions"},"message":"[worker-pool] submitWork(triggerId=api)"}}
[debug] [2020-12-16T19:29:38.454Z] [worker-api-97862077-3dc1-4097-99ed-955460e7f475]: Assigning socketPath: /var/folders/70/34354_c94td6p0bh5n6jy1c40000gn/T/fire_emu_6275.sock {"metadata":{"emulator":{"name":"functions"},"message":"[worker-api-97862077-3dc1-4097-99ed-955460e7f475]: Assigning socketPath: /var/folders/70/34354_c94td6p0bh5n6jy1c40000gn/T/fire_emu_6275.sock"}}
[debug] [2020-12-16T19:29:38.455Z] [worker-api-97862077-3dc1-4097-99ed-955460e7f475]: BUSY {"metadata":{"emulator":{"name":"functions"},"message":"[worker-api-97862077-3dc1-4097-99ed-955460e7f475]: BUSY"}}
[debug] [2020-12-16T19:29:38.458Z] [runtime-status] [6275] Trigger "api" has been found, beginning invocation! {"metadata":{"emulator":{"name":"functions"},"function":{"name":"api"},"message":"[runtime-status] [6275] Trigger \"api\" has been found, beginning invocation!"}}
[info] i  functions: Beginning execution of "api" {"metadata":{"emulator":{"name":"functions"},"function":{"name":"api"},"message":"Beginning execution of \"api\""}}
[debug] [2020-12-16T19:29:38.463Z] [runtime-status] [6275] triggerDefinition {"httpsTrigger":{},"name":"api","entryPoint":"api"} {"metadata":{"emulator":{"name":"functions"},"function":{"name":"api"},"message":"[runtime-status] [6275] triggerDefinition {\"httpsTrigger\":{},\"name\":\"api\",\"entryPoint\":\"api\"}"}}
[debug] [2020-12-16T19:29:38.464Z] [runtime-status] [6275] Running api in mode HTTPS {"metadata":{"emulator":{"name":"functions"},"function":{"name":"api"},"message":"[runtime-status] [6275] Running api in mode HTTPS"}}
[debug] [2020-12-16T19:29:38.465Z] [runtime-status] [6275] Attempting to listen to socketPath: /var/folders/70/34354_c94td6p0bh5n6jy1c40000gn/T/fire_emu_6275.sock {"metadata":{"emulator":{"name":"functions"},"function":{"name":"api"},"message":"[runtime-status] [6275] Attempting to listen to socketPath: /var/folders/70/34354_c94td6p0bh5n6jy1c40000gn/T/fire_emu_6275.sock"}}
[debug] [2020-12-16T19:29:38.475Z] [functions] Runtime ready! Sending request! {"metadata":{"emulator":{"name":"functions"},"message":"[functions] Runtime ready! Sending request!"}}
[debug] [2020-12-16T19:29:38.502Z] [runtime-status] [6275] Ephemeral server handling POST request {"metadata":{"emulator":{"name":"functions"},"function":{"name":"api"},"message":"[runtime-status] [6275] Ephemeral server handling POST request"}}
[info] >  Payment request recieved Boom!! for this amount >>> 65998 {"user":"Payment request recieved Boom!! for this amount >>> 65998","metadata":{"emulator":{"name":"functions"},"function":{"name":"api"},"message":"\u001b[90m> \u001b[39m Payment request recieved Boom!! for this amount >>> 65998"}}
[debug] [2020-12-16T19:29:38.522Z] [runtime-status] [6275] Ephemeral server survived. {"metadata":{"emulator":{"name":"functions"},"function":{"name":"api"},"message":"[runtime-status] [6275] Ephemeral server survived."}}
[info] i  functions: Finished "api" in ~1s {"metadata":{"emulator":{"name":"functions"},"function":{"name":"api"},"message":"Finished \"api\" in ~1s"}}
[debug] [2020-12-16T19:29:38.796Z] [worker-api-97862077-3dc1-4097-99ed-955460e7f475]: IDLE {"metadata":{"emulator":{"name":"functions"},"message":"[worker-api-97862077-3dc1-4097-99ed-955460e7f475]: IDLE"}}
[debug] [2020-12-16T19:29:38.796Z] [work-queue] {"queueLength":0,"workRunningCount":0}
[debug] [2020-12-16T19:36:32.155Z] [work-queue] {"queueLength":1,"workRunningCount":0}
[debug] [2020-12-16T19:36:32.156Z] [work-queue] {"queueLength":0,"workRunningCount":1}
[debug] [2020-12-16T19:36:32.156Z] Accepted request POST /clone-d3a88/us-central1/api/payments/create?total=65998 --> api
[debug] [2020-12-16T19:36:32.157Z] [worker-pool] submitWork(triggerId=api) {"metadata":{"emulator":{"name":"functions"},"message":"[worker-pool] submitWork(triggerId=api)"}}
[debug] [2020-12-16T19:36:32.157Z] [worker-api-97862077-3dc1-4097-99ed-955460e7f475]: Assigning socketPath: /var/folders/70/34354_c94td6p0bh5n6jy1c40000gn/T/fire_emu_6275.sock {"metadata":{"emulator":{"name":"functions"},"message":"[worker-api-97862077-3dc1-4097-99ed-955460e7f475]: Assigning socketPath: /var/folders/70/34354_c94td6p0bh5n6jy1c40000gn/T/fire_emu_6275.sock"}}
[debug] [2020-12-16T19:36:32.157Z] [worker-api-97862077-3dc1-4097-99ed-955460e7f475]: BUSY {"metadata":{"emulator":{"name":"functions"},"message":"[worker-api-97862077-3dc1-4097-99ed-955460e7f475]: BUSY"}}
[debug] [2020-12-16T19:36:32.161Z] [runtime-status] [6275] Trigger "api" has been found, beginning invocation! {"metadata":{"emulator":{"name":"functions"},"function":{"name":"api"},"message":"[runtime-status] [6275] Trigger \"api\" has been found, beginning invocation!"}}
[info] i  functions: Beginning execution of "api" {"metadata":{"emulator":{"name":"functions"},"function":{"name":"api"},"message":"Beginning execution of \"api\""}}
[debug] [2020-12-16T19:36:32.163Z] [runtime-status] [6275] triggerDefinition {"httpsTrigger":{},"name":"api","entryPoint":"api"} {"metadata":{"emulator":{"name":"functions"},"function":{"name":"api"},"message":"[runtime-status] [6275] triggerDefinition {\"httpsTrigger\":{},\"name\":\"api\",\"entryPoint\":\"api\"}"}}
[debug] [2020-12-16T19:36:32.163Z] [runtime-status] [6275] Running api in mode HTTPS {"metadata":{"emulator":{"name":"functions"},"function":{"name":"api"},"message":"[runtime-status] [6275] Running api in mode HTTPS"}}
[debug] [2020-12-16T19:36:32.164Z] [runtime-status] [6275] Attempting to listen to socketPath: /var/folders/70/34354_c94td6p0bh5n6jy1c40000gn/T/fire_emu_6275.sock {"metadata":{"emulator":{"name":"functions"},"function":{"name":"api"},"message":"[runtime-status] [6275] Attempting to listen to socketPath: /var/folders/70/34354_c94td6p0bh5n6jy1c40000gn/T/fire_emu_6275.sock"}}
[debug] [2020-12-16T19:36:32.167Z] [functions] Runtime ready! Sending request! {"metadata":{"emulator":{"name":"functions"},"message":"[functions] Runtime ready! Sending request!"}}
[debug] [2020-12-16T19:36:32.176Z] [runtime-status] [6275] Ephemeral server handling POST request {"metadata":{"emulator":{"name":"functions"},"function":{"name":"api"},"message":"[runtime-status] [6275] Ephemeral server handling POST request"}}
[info] >  Payment request recieved Boom!! for this amount >>> 65998 {"user":"Payment request recieved Boom!! for this amount >>> 65998","metadata":{"emulator":{"name":"functions"},"function":{"name":"api"},"message":"\u001b[90m> \u001b[39m Payment request recieved Boom!! for this amount >>> 65998"}}
[debug] [2020-12-16T19:36:32.182Z] [runtime-status] [6275] Ephemeral server survived. {"metadata":{"emulator":{"name":"functions"},"function":{"name":"api"},"message":"[runtime-status] [6275] Ephemeral server survived."}}
[info] i  functions: Finished "api" in ~1s {"metadata":{"emulator":{"name":"functions"},"function":{"name":"api"},"message":"Finished \"api\" in ~1s"}}
[debug] [2020-12-16T19:36:32.447Z] [worker-api-97862077-3dc1-4097-99ed-955460e7f475]: IDLE {"metadata":{"emulator":{"name":"functions"},"message":"[worker-api-97862077-3dc1-4097-99ed-955460e7f475]: IDLE"}}
[debug] [2020-12-16T19:36:32.448Z] [work-queue] {"queueLength":0,"workRunningCount":0}
[debug] [2020-12-16T19:36:40.905Z] [work-queue] {"queueLength":1,"workRunningCount":0}
[debug] [2020-12-16T19:36:40.906Z] [work-queue] {"queueLength":0,"workRunningCount":1}
[debug] [2020-12-16T19:36:40.906Z] Accepted request POST /clone-d3a88/us-central1/api/payments/create?total=32999 --> api
[debug] [2020-12-16T19:36:40.907Z] [worker-pool] submitWork(triggerId=api) {"metadata":{"emulator":{"name":"functions"},"message":"[worker-pool] submitWork(triggerId=api)"}}
[debug] [2020-12-16T19:36:40.907Z] [worker-api-97862077-3dc1-4097-99ed-955460e7f475]: Assigning socketPath: /var/folders/70/34354_c94td6p0bh5n6jy1c40000gn/T/fire_emu_6275.sock {"metadata":{"emulator":{"name":"functions"},"message":"[worker-api-97862077-3dc1-4097-99ed-955460e7f475]: Assigning socketPath: /var/folders/70/34354_c94td6p0bh5n6jy1c40000gn/T/fire_emu_6275.sock"}}
[debug] [2020-12-16T19:36:40.907Z] [worker-api-97862077-3dc1-4097-99ed-955460e7f475]: BUSY {"metadata":{"emulator":{"name":"functions"},"message":"[worker-api-97862077-3dc1-4097-99ed-955460e7f475]: BUSY"}}
[debug] [2020-12-16T19:36:40.909Z] [runtime-status] [6275] Trigger "api" has been found, beginning invocation! {"metadata":{"emulator":{"name":"functions"},"function":{"name":"api"},"message":"[runtime-status] [6275] Trigger \"api\" has been found, beginning invocation!"}}
[info] i  functions: Beginning execution of "api" {"metadata":{"emulator":{"name":"functions"},"function":{"name":"api"},"message":"Beginning execution of \"api\""}}
[debug] [2020-12-16T19:36:40.910Z] [runtime-status] [6275] triggerDefinition {"httpsTrigger":{},"name":"api","entryPoint":"api"} {"metadata":{"emulator":{"name":"functions"},"function":{"name":"api"},"message":"[runtime-status] [6275] triggerDefinition {\"httpsTrigger\":{},\"name\":\"api\",\"entryPoint\":\"api\"}"}}
[debug] [2020-12-16T19:36:40.911Z] [runtime-status] [6275] Running api in mode HTTPS {"metadata":{"emulator":{"name":"functions"},"function":{"name":"api"},"message":"[runtime-status] [6275] Running api in mode HTTPS"}}
[debug] [2020-12-16T19:36:40.911Z] [runtime-status] [6275] Attempting to listen to socketPath: /var/folders/70/34354_c94td6p0bh5n6jy1c40000gn/T/fire_emu_6275.sock {"metadata":{"emulator":{"name":"functions"},"function":{"name":"api"},"message":"[runtime-status] [6275] Attempting to listen to socketPath: /var/folders/70/34354_c94td6p0bh5n6jy1c40000gn/T/fire_emu_6275.sock"}}
[debug] [2020-12-16T19:36:40.913Z] [functions] Runtime ready! Sending request! {"metadata":{"emulator":{"name":"functions"},"message":"[functions] Runtime ready! Sending request!"}}
[debug] [2020-12-16T19:36:40.919Z] [runtime-status] [6275] Ephemeral server handling POST request {"metadata":{"emulator":{"name":"functions"},"function":{"name":"api"},"message":"[runtime-status] [6275] Ephemeral server handling POST request"}}
[info] >  Payment request recieved Boom!! for this amount >>> 32999 {"user":"Payment request recieved Boom!! for this amount >>> 32999","metadata":{"emulator":{"name":"functions"},"function":{"name":"api"},"message":"\u001b[90m> \u001b[39m Payment request recieved Boom!! for this amount >>> 32999"}}
[debug] [2020-12-16T19:36:40.922Z] [runtime-status] [6275] Ephemeral server survived. {"metadata":{"emulator":{"name":"functions"},"function":{"name":"api"},"message":"[runtime-status] [6275] Ephemeral server survived."}}
[info] i  functions: Finished "api" in ~1s {"metadata":{"emulator":{"name":"functions"},"function":{"name":"api"},"message":"Finished \"api\" in ~1s"}}
[debug] [2020-12-16T19:36:41.182Z] [worker-api-97862077-3dc1-4097-99ed-955460e7f475]: IDLE {"metadata":{"emulator":{"name":"functions"},"message":"[worker-api-97862077-3dc1-4097-99ed-955460e7f475]: IDLE"}}
[debug] [2020-12-16T19:36:41.183Z] [work-queue] {"queueLength":0,"workRunningCount":0}
